#
# There is insufficient memory for the Java Runtime Environment to continue.
# Native memory allocation (malloc) failed to allocate 1048576 bytes. Error detail: AllocateHeap
# Possible reasons:
#   The system is out of physical RAM or swap space
#   This process is running with CompressedOops enabled, and the Java Heap may be blocking the growth of the native heap
# Possible solutions:
#   Reduce memory load on the system
#   Increase physical memory or swap space
#   Check if swap backing store is full
#   Decrease Java heap size (-Xmx/-Xms)
#   Decrease number of Java threads
#   Decrease Java thread stack sizes (-Xss)
#   Set larger code cache with -XX:ReservedCodeCacheSize=
#   JVM is running with Unscaled Compressed Oops mode in which the Java heap is
#     placed in the first 4GB address space. The Java Heap base address is the
#     maximum limit for the native heap growth. Please use -XX:HeapBaseMinAddress
#     to set the Java Heap base and to place the Java Heap above 4GB virtual address.
# This output file may be truncated or incomplete.
#
#  Out of Memory Error (allocation.cpp:44), pid=18744, tid=10544
#
# JRE version: OpenJDK Runtime Environment Temurin-21.0.10+7 (21.0.10+7) (build 21.0.10+7-LTS)
# Java VM: OpenJDK 64-Bit Server VM Temurin-21.0.10+7 (21.0.10+7-LTS, mixed mode, sharing, tiered, compressed oops, compressed class ptrs, parallel gc, windows-amd64)
# No core dump will be written. Minidumps are not enabled by default on client versions of Windows
#

---------------  S U M M A R Y ------------

Command Line: --add-modules=ALL-SYSTEM --add-opens=java.base/java.util=ALL-UNNAMED --add-opens=java.base/java.lang=ALL-UNNAMED --add-opens=java.base/sun.nio.fs=ALL-UNNAMED -Declipse.application=org.eclipse.jdt.ls.core.id1 -Dosgi.bundles.defaultStartLevel=4 -Declipse.product=org.eclipse.jdt.ls.core.product -Djava.import.generatesMetadataFilesAtProjectRoot=false -DDetectVMInstallationsJob.disabled=true -Dfile.encoding=utf8 -XX:+UseParallelGC -XX:GCTimeRatio=4 -XX:AdaptiveSizePolicyWeight=90 -Dsun.zip.disableMemoryMapping=true -Xmx2G -Xms100m -Xlog:disable -javaagent:c:\Users\Usuario\.vscode\extensions\redhat.java-1.54.0-win32-x64\lombok\lombok-1.18.39-4050.jar -XX:+HeapDumpOnOutOfMemoryError -XX:HeapDumpPath=c:\Users\Usuario\AppData\Roaming\Code\User\workspaceStorage\ff323b52508a9ab547f9466bd36f4b43\redhat.java -Daether.dependencyCollector.impl=bf c:\Users\Usuario\.vscode\extensions\redhat.java-1.54.0-win32-x64\server\plugins\org.eclipse.equinox.launcher_1.7.100.v20251111-0406.jar -configuration c:\Users\Usuario\AppData\Roaming\Code\User\globalStorage\redhat.java\1.54.0\config_win -data c:\Users\Usuario\AppData\Roaming\Code\User\workspaceStorage\ff323b52508a9ab547f9466bd36f4b43\redhat.java\jdt_ws --pipe=\\.\pipe\lsp-a9f15c75f1a2cc84853cbb767f14ede6-sock

Host: AMD Ryzen 7 5700U with Radeon Graphics         , 16 cores, 7G,  Windows 11 , 64 bit Build 26100 (10.0.26100.6725)
Time: Tue Jun 23 23:10:29 2026 Hora estándar de Argentina elapsed time: 5106.016293 seconds (0d 1h 25m 6s)

---------------  T H R E A D  ---------------

Current thread (0x000001ac13a063a0):  JavaThread "Attach Listener" daemon [_thread_in_vm, id=10544, stack(0x0000006652e00000,0x0000006652f00000) (1024K)]

Stack: [0x0000006652e00000,0x0000006652f00000]
Native frames: (J=compiled Java code, j=interpreted, Vv=VM code, C=native code)
V  [jvm.dll+0x6d7a39]
V  [jvm.dll+0x8b4b26]
V  [jvm.dll+0x8b70de]
V  [jvm.dll+0x8b77c3]
V  [jvm.dll+0x284346]
V  [jvm.dll+0xc1277]
V  [jvm.dll+0x6d82e9]
V  [jvm.dll+0x1334a6]
V  [jvm.dll+0x3f857e]
V  [jvm.dll+0x85f59d]
V  [jvm.dll+0x6d626d]
C  [ucrtbase.dll+0x37b0]
C  [KERNEL32.DLL+0x2e8d7]
C  [ntdll.dll+0x8c53c]


---------------  P R O C E S S  ---------------

Threads class SMR info:
_java_thread_list=0x000001ac695f1850, length=45, elements={
0x000001ac7ae40e90, 0x000001ac139f93e0, 0x000001ac7c85d3e0, 0x000001ac13a044b0,
0x000001ac13a063a0, 0x000001ac13a09960, 0x000001ac13a0d6d0, 0x000001ac55f69fd0,
0x000001ac55f6dd90, 0x000001ac561bd5a0, 0x000001ac561b4390, 0x000001ac5c5f80d0,
0x000001ac5c86a1c0, 0x000001ac5cbffd30, 0x000001ac5cc01ba0, 0x000001ac5cf25570,
0x000001ac5d3a7c80, 0x000001ac5d4b9d90, 0x000001ac5d4ba420, 0x000001ac5d4bb140,
0x000001ac5e4f1720, 0x000001ac5e89dfc0, 0x000001ac5e89e650, 0x000001ac5e89f370,
0x000001ac5e89ece0, 0x000001ac5fded790, 0x000001ac5fdeeb40, 0x000001ac5fdede20,
0x000001ac5fdec3e0, 0x000001ac5fdee4b0, 0x000001ac5fdeb6c0, 0x000001ac5fdebd50,
0x000001ac5df579c0, 0x000001ac5df58050, 0x000001ac5df57330, 0x000001ac5df586e0,
0x000001ac5d97a720, 0x000001ac5d97a090, 0x000001ac5d97adb0, 0x000001ac60275d20,
0x000001ac602763b0, 0x000001ac69501430, 0x000001ac696f5040, 0x000001ac605352e0,
0x000001ac5e4f1090
}

Java Threads: ( => current thread )
  0x000001ac7ae40e90 JavaThread "main"                              [_thread_blocked, id=2812, stack(0x0000006652700000,0x0000006652800000) (1024K)]
  0x000001ac139f93e0 JavaThread "Reference Handler"          daemon [_thread_blocked, id=21472, stack(0x0000006652b00000,0x0000006652c00000) (1024K)]
  0x000001ac7c85d3e0 JavaThread "Finalizer"                  daemon [_thread_blocked, id=5552, stack(0x0000006652c00000,0x0000006652d00000) (1024K)]
  0x000001ac13a044b0 JavaThread "Signal Dispatcher"          daemon [_thread_blocked, id=21532, stack(0x0000006652d00000,0x0000006652e00000) (1024K)]
=>0x000001ac13a063a0 JavaThread "Attach Listener"            daemon [_thread_in_vm, id=10544, stack(0x0000006652e00000,0x0000006652f00000) (1024K)]
  0x000001ac13a09960 JavaThread "Service Thread"             daemon [_thread_blocked, id=26372, stack(0x0000006652f00000,0x0000006653000000) (1024K)]
  0x000001ac13a0d6d0 JavaThread "Monitor Deflation Thread"   daemon [_thread_blocked, id=14160, stack(0x0000006653000000,0x0000006653100000) (1024K)]
  0x000001ac55f69fd0 JavaThread "C2 CompilerThread0"         daemon [_thread_blocked, id=3004, stack(0x0000006653100000,0x0000006653200000) (1024K)]
  0x000001ac55f6dd90 JavaThread "C1 CompilerThread0"         daemon [_thread_blocked, id=6524, stack(0x0000006653200000,0x0000006653300000) (1024K)]
  0x000001ac561bd5a0 JavaThread "Common-Cleaner"             daemon [_thread_blocked, id=7860, stack(0x0000006653600000,0x0000006653700000) (1024K)]
  0x000001ac561b4390 JavaThread "Notification Thread"        daemon [_thread_blocked, id=23940, stack(0x0000006653800000,0x0000006653900000) (1024K)]
  0x000001ac5c5f80d0 JavaThread "Active Thread: Equinox Container: 4ec3824d-67fc-4d89-a43d-b2c038eb36b2"        [_thread_blocked, id=4640, stack(0x0000006654100000,0x0000006654200000) (1024K)]
  0x000001ac5c86a1c0 JavaThread "Refresh Thread: Equinox Container: 4ec3824d-67fc-4d89-a43d-b2c038eb36b2" daemon [_thread_blocked, id=18104, stack(0x0000006654300000,0x0000006654400000) (1024K)]
  0x000001ac5cbffd30 JavaThread "Framework Event Dispatcher: Equinox Container: 4ec3824d-67fc-4d89-a43d-b2c038eb36b2" daemon [_thread_blocked, id=15304, stack(0x0000006654400000,0x0000006654500000) (1024K)]
  0x000001ac5cc01ba0 JavaThread "Start Level: Equinox Container: 4ec3824d-67fc-4d89-a43d-b2c038eb36b2" daemon [_thread_blocked, id=20032, stack(0x0000006654500000,0x0000006654600000) (1024K)]
  0x000001ac5cf25570 JavaThread "Bundle File Closer"         daemon [_thread_blocked, id=19060, stack(0x0000006654800000,0x0000006654900000) (1024K)]
  0x000001ac5d3a7c80 JavaThread "SCR Component Actor"        daemon [_thread_blocked, id=25164, stack(0x0000006653500000,0x0000006653600000) (1024K)]
  0x000001ac5d4b9d90 JavaThread "Worker-JM"                         [_thread_blocked, id=24532, stack(0x0000006654900000,0x0000006654a00000) (1024K)]
  0x000001ac5d4ba420 JavaThread "JNA Cleaner"                daemon [_thread_blocked, id=26144, stack(0x0000006654c00000,0x0000006654d00000) (1024K)]
  0x000001ac5d4bb140 JavaThread "Java indexing"              daemon [_thread_blocked, id=14828, stack(0x0000006655100000,0x0000006655200000) (1024K)]
  0x000001ac5e4f1720 JavaThread "Worker-4"                          [_thread_blocked, id=5468, stack(0x0000006655400000,0x0000006655500000) (1024K)]
  0x000001ac5e89dfc0 JavaThread "Thread-1"                   daemon [_thread_in_native, id=22008, stack(0x0000006655800000,0x0000006655900000) (1024K)]
  0x000001ac5e89e650 JavaThread "Thread-2"                   daemon [_thread_in_native, id=10540, stack(0x0000006655900000,0x0000006655a00000) (1024K)]
  0x000001ac5e89f370 JavaThread "Thread-3"                   daemon [_thread_in_native, id=5624, stack(0x0000006655a00000,0x0000006655b00000) (1024K)]
  0x000001ac5e89ece0 JavaThread "Thread-4"                   daemon [_thread_in_native, id=15816, stack(0x0000006655b00000,0x0000006655c00000) (1024K)]
  0x000001ac5fded790 JavaThread "Thread-5"                   daemon [_thread_in_native, id=25400, stack(0x0000006655c00000,0x0000006655d00000) (1024K)]
  0x000001ac5fdeeb40 JavaThread "Thread-6"                   daemon [_thread_in_native, id=18912, stack(0x0000006655d00000,0x0000006655e00000) (1024K)]
  0x000001ac5fdede20 JavaThread "Thread-7"                   daemon [_thread_in_native, id=20364, stack(0x0000006655e00000,0x0000006655f00000) (1024K)]
  0x000001ac5fdec3e0 JavaThread "Thread-8"                   daemon [_thread_in_native, id=25108, stack(0x0000006655f00000,0x0000006656000000) (1024K)]
  0x000001ac5fdee4b0 JavaThread "Thread-9"                   daemon [_thread_in_native, id=25088, stack(0x0000006656000000,0x0000006656100000) (1024K)]
  0x000001ac5fdeb6c0 JavaThread "Thread-10"                  daemon [_thread_in_native, id=12112, stack(0x0000006656100000,0x0000006656200000) (1024K)]
  0x000001ac5fdebd50 JavaThread "Thread-11"                  daemon [_thread_in_native, id=24032, stack(0x0000006656200000,0x0000006656300000) (1024K)]
  0x000001ac5df579c0 JavaThread "Thread-12"                  daemon [_thread_in_native, id=20904, stack(0x0000006656300000,0x0000006656400000) (1024K)]
  0x000001ac5df58050 JavaThread "Thread-13"                  daemon [_thread_in_native, id=6168, stack(0x0000006656400000,0x0000006656500000) (1024K)]
  0x000001ac5df57330 JavaThread "Thread-14"                  daemon [_thread_in_native, id=16888, stack(0x0000006656500000,0x0000006656600000) (1024K)]
  0x000001ac5df586e0 JavaThread "Thread-15"                  daemon [_thread_in_native, id=21428, stack(0x0000006656600000,0x0000006656700000) (1024K)]
  0x000001ac5d97a720 JavaThread "Thread-16"                  daemon [_thread_in_native, id=27204, stack(0x0000006656700000,0x0000006656800000) (1024K)]
  0x000001ac5d97a090 JavaThread "Thread-17"                  daemon [_thread_in_native, id=10988, stack(0x0000006656800000,0x0000006656900000) (1024K)]
  0x000001ac5d97adb0 JavaThread "pool-2-thread-1"                   [_thread_blocked, id=9512, stack(0x0000006656900000,0x0000006656a00000) (1024K)]
  0x000001ac60275d20 JavaThread "WorkspaceEventsHandler"            [_thread_blocked, id=17100, stack(0x0000006656a00000,0x0000006656b00000) (1024K)]
  0x000001ac602763b0 JavaThread "pool-1-thread-1"                   [_thread_blocked, id=20504, stack(0x0000006656b00000,0x0000006656c00000) (1024K)]
  0x000001ac69501430 JavaThread "Cleaner-0"                  daemon [_thread_blocked, id=260, stack(0x0000006657c00000,0x0000006657d00000) (1024K)]
  0x000001ac696f5040 JavaThread "HttpClient-2-SelectorManager" daemon [_thread_in_native, id=1524, stack(0x0000006652500000,0x0000006652600000) (1024K)]
  0x000001ac605352e0 JavaThread "HttpClient-3-SelectorManager" daemon [_thread_in_native, id=11872, stack(0x0000006652600000,0x0000006652700000) (1024K)]
  0x000001ac5e4f1090 JavaThread "Worker-7"                          [_thread_blocked, id=21620, stack(0x0000006655600000,0x0000006655700000) (1024K)]
Total: 45

Other Threads:
  0x000001ac139f32f0 VMThread "VM Thread"                           [id=20804, stack(0x0000006652a00000,0x0000006652b00000) (1024K)] _threads_hazard_ptr=0x000001ac695f1850
  0x000001ac138eba00 WatcherThread "VM Periodic Task Thread"        [id=17760, stack(0x0000006652900000,0x0000006652a00000) (1024K)]
  0x000001ac7c7c2df0 WorkerThread "GC Thread#0"                     [id=5992, stack(0x0000006652800000,0x0000006652900000) (1024K)]
  0x000001ac5c8891a0 WorkerThread "GC Thread#1"                     [id=2732, stack(0x0000006653a00000,0x0000006653b00000) (1024K)]
  0x000001ac5c7b4970 WorkerThread "GC Thread#2"                     [id=25716, stack(0x0000006653b00000,0x0000006653c00000) (1024K)]
  0x000001ac5c7b4d20 WorkerThread "GC Thread#3"                     [id=17284, stack(0x0000006653c00000,0x0000006653d00000) (1024K)]
  0x000001ac5c8fc270 WorkerThread "GC Thread#4"                     [id=26956, stack(0x0000006653d00000,0x0000006653e00000) (1024K)]
  0x000001ac5c8fca20 WorkerThread "GC Thread#5"                     [id=18960, stack(0x0000006653e00000,0x0000006653f00000) (1024K)]
  0x000001ac5c8f64b0 WorkerThread "GC Thread#6"                     [id=2880, stack(0x0000006653f00000,0x0000006654000000) (1024K)]
  0x000001ac5c8f6fc0 WorkerThread "GC Thread#7"                     [id=19684, stack(0x0000006654200000,0x0000006654300000) (1024K)]
  0x000001ac5c8f6c10 WorkerThread "GC Thread#8"                     [id=12096, stack(0x0000006654000000,0x0000006654100000) (1024K)]
  0x000001ac5c8f6860 WorkerThread "GC Thread#9"                     [id=21748, stack(0x0000006654600000,0x0000006654700000) (1024K)]
  0x000001ac5c8f6100 WorkerThread "GC Thread#10"                    [id=25404, stack(0x0000006654700000,0x0000006654800000) (1024K)]
  0x000001ac5d1e1f00 WorkerThread "GC Thread#11"                    [id=20652, stack(0x0000006653700000,0x0000006653800000) (1024K)]
  0x000001ac5d1dfa20 WorkerThread "GC Thread#12"                    [id=7820, stack(0x0000006653900000,0x0000006653a00000) (1024K)]
Total: 15

Threads with active compile tasks:
Total: 0

VM state: not at safepoint (normal execution)

VM Mutex/Monitor currently owned by a thread: None

Heap address: 0x0000000080000000, size: 2048 MB, Compressed Oops mode: 32-bit

CDS archive(s) mapped at: [0x000001ac14000000-0x000001ac14ba0000-0x000001ac14ba0000), size 12189696, SharedBaseAddress: 0x000001ac14000000, ArchiveRelocationMode: 1.
Compressed class space mapped at: 0x000001ac15000000-0x000001ac55000000, reserved size: 1073741824
Narrow klass base: 0x000001ac14000000, Narrow klass shift: 0, Narrow klass range: 0x100000000

GC Precious Log:
 CardTable entry size: 512
 CPUs: 16 total, 16 available
 Memory: 7501M
 Large Page Support: Disabled
 NUMA Support: Disabled
 Compressed Oops: Enabled (32-bit)
 Alignments: Space 512K, Generation 512K, Heap 2M
 Heap Min Capacity: 100M
 Heap Initial Capacity: 100M
 Heap Max Capacity: 2G
 Pre-touch: Disabled
 Parallel Workers: 13

Heap:
 PSYoungGen      total 4608K, used 4441K [0x00000000d5580000, 0x00000000d5b80000, 0x0000000100000000)
  eden space 4096K, 99% used [0x00000000d5580000,0x00000000d597e5d0,0x00000000d5980000)
  from space 512K, 68% used [0x00000000d5b00000,0x00000000d5b58000,0x00000000d5b80000)
  to   space 512K, 0% used [0x00000000d5a80000,0x00000000d5a80000,0x00000000d5b00000)
 ParOldGen       total 1302016K, used 1301551K [0x0000000080000000, 0x00000000cf780000, 0x00000000d5580000)
  object space 1302016K, 99% used [0x0000000080000000,0x00000000cf70bf08,0x00000000cf780000)
 Metaspace       used 89809K, committed 91712K, reserved 1179648K
  class space    used 9260K, committed 10048K, reserved 1048576K

Card table byte_map: [0x000001ac0f000000,0x000001ac0f410000] _byte_map_base: 0x000001ac0ec00000

Marking Bits: (ParMarkBitMap*) 0x00007ffe44343450
 Begin Bits: [0x000001ac0f410000, 0x000001ac11410000)
 End Bits:   [0x000001ac11410000, 0x000001ac13410000)

Polling page: 0x000001ac7fae0000

Metaspace:

Usage:
  Non-class:     78.66 MB used.
      Class:      9.04 MB used.
       Both:     87.70 MB used.

Virtual space:
  Non-class space:      128.00 MB reserved,      79.75 MB ( 62%) committed,  2 nodes.
      Class space:        1.00 GB reserved,       9.81 MB ( <1%) committed,  1 nodes.
             Both:        1.12 GB reserved,      89.56 MB (  8%) committed. 

Chunk freelists:
   Non-Class:  48.00 KB
       Class:  6.19 MB
        Both:  6.23 MB

MaxMetaspaceSize: unlimited
CompressedClassSpaceSize: 1.00 GB
Initial GC threshold: 21.00 MB
Current GC threshold: 138.75 MB
CDS: on
 - commit_granule_bytes: 65536.
 - commit_granule_words: 8192.
 - virtual_space_node_default_size: 8388608.
 - enlarge_chunks_in_place: 1.
 - use_allocation_guard: 0.


Internal statistics:

num_allocs_failed_limit: 9.
num_arena_births: 1888.
num_arena_deaths: 70.
num_vsnodes_births: 3.
num_vsnodes_deaths: 0.
num_space_committed: 1433.
num_space_uncommitted: 0.
num_chunks_returned_to_freelist: 99.
num_chunks_taken_from_freelist: 6689.
num_chunk_merges: 18.
num_chunk_splits: 3779.
num_chunks_enlarged: 1718.
num_inconsistent_stats: 0.

CodeHeap 'non-profiled nmethods': size=119168Kb used=22463Kb max_used=22463Kb free=96704Kb
 bounds [0x000001ac07ba0000, 0x000001ac09190000, 0x000001ac0f000000]
CodeHeap 'profiled nmethods': size=119104Kb used=52849Kb max_used=52849Kb free=66255Kb
 bounds [0x000001ac00000000, 0x000001ac033a0000, 0x000001ac07450000]
CodeHeap 'non-nmethods': size=7488Kb used=1531Kb max_used=3264Kb free=5956Kb
 bounds [0x000001ac07450000, 0x000001ac07790000, 0x000001ac07ba0000]
CodeCache: size=245760Kb, used=76843Kb, max_used=78576Kb, free=168915Kb
 total_blobs=21625, nmethods=20779, adapters=747, full_count=0
Compilation: enabled, stopped_count=0, restarted_count=0

Compilation events (20 events):
Event: 3553.979 Thread 0x000001ac55f69fd0 22728       4       java.util.Optional::get (22 bytes)
Event: 3553.982 Thread 0x000001ac55f69fd0 nmethod 22728 0x000001ac0918f690 code [0x000001ac0918f820, 0x000001ac0918f8c8]
Event: 3954.313 Thread 0x000001ac55f6dd90 22729       3       org.eclipse.jdt.ls.core.internal.ParentProcessWatcher::run (83 bytes)
Event: 3954.373 Thread 0x000001ac55f6dd90 nmethod 22729 0x000001ac03398110 code [0x000001ac033983a0, 0x000001ac03398e30]
Event: 4242.772 Thread 0x000001ac55f6dd90 22731       3       java.lang.ref.ReferenceQueue::await (15 bytes)
Event: 4242.780 Thread 0x000001ac55f6dd90 nmethod 22731 0x000001ac03399190 code [0x000001ac03399340, 0x000001ac033994e0]
Event: 4323.832 Thread 0x000001ac55f6dd90 22732       3       java.util.concurrent.locks.AbstractQueuedSynchronizer$ConditionObject::await (202 bytes)
Event: 4323.836 Thread 0x000001ac55f6dd90 nmethod 22732 0x000001ac03399610 code [0x000001ac03399900, 0x000001ac0339a730]
Event: 4524.815 Thread 0x000001ac55f6dd90 22733       3       java.lang.ProcessHandleImpl::<init> (15 bytes)
Event: 4524.817 Thread 0x000001ac55f6dd90 nmethod 22733 0x000001ac0339ad10 code [0x000001ac0339aec0, 0x000001ac0339b030]
Event: 4534.816 Thread 0x000001ac55f6dd90 22734       3       java.lang.ProcessHandleImpl::get (51 bytes)
Event: 4534.833 Thread 0x000001ac55f6dd90 nmethod 22734 0x000001ac0339b110 code [0x000001ac0339b320, 0x000001ac0339b928]
Event: 4554.842 Thread 0x000001ac55f6dd90 22735       3       java.lang.ProcessHandle::of (5 bytes)
Event: 4554.842 Thread 0x000001ac55f6dd90 nmethod 22735 0x000001ac0339bb90 code [0x000001ac0339bd40, 0x000001ac0339be58]
Event: 4554.842 Thread 0x000001ac55f6dd90 22736       3       java.lang.ProcessHandleImpl::isAlive (44 bytes)
Event: 4554.843 Thread 0x000001ac55f6dd90 nmethod 22736 0x000001ac0339bf10 code [0x000001ac0339c0c0, 0x000001ac0339c320]
Event: 4867.795 Thread 0x000001ac55f69fd0 22737       4       java.util.AbstractMap::isEmpty (13 bytes)
Event: 4867.813 Thread 0x000001ac55f69fd0 nmethod 22737 0x000001ac0918f990 code [0x000001ac0918fb20, 0x000001ac0918fbe8]
Event: 4894.626 Thread 0x000001ac55f6dd90 22738       1       org.eclipse.osgi.internal.location.BasicLocation::isReadOnly (5 bytes)
Event: 4894.629 Thread 0x000001ac55f6dd90 nmethod 22738 0x000001ac0918fc90 code [0x000001ac0918fe20, 0x000001ac0918fef0]

GC Heap History (20 events):
Event: 579.741 GC heap before
{Heap before GC invocations=2757 (full 4):
 PSYoungGen      total 4608K, used 4160K [0x00000000d5580000, 0x00000000d5c80000, 0x0000000100000000)
  eden space 2560K, 100% used [0x00000000d5580000,0x00000000d5800000,0x00000000d5800000)
  from space 2048K, 78% used [0x00000000d5a80000,0x00000000d5c10000,0x00000000d5c80000)
  to   space 2048K, 0% used [0x00000000d5880000,0x00000000d5880000,0x00000000d5a80000)
 ParOldGen       total 1294848K, used 1294835K [0x0000000080000000, 0x00000000cf080000, 0x00000000d5580000)
  object space 1294848K, 99% used [0x0000000080000000,0x00000000cf07cca8,0x00000000cf080000)
 Metaspace       used 89748K, committed 91584K, reserved 1179648K
  class space    used 9260K, committed 10048K, reserved 1048576K
}
Event: 579.747 GC heap after
{Heap after GC invocations=2757 (full 4):
 PSYoungGen      total 5120K, used 2048K [0x00000000d5580000, 0x00000000d6080000, 0x0000000100000000)
  eden space 3072K, 0% used [0x00000000d5580000,0x00000000d5580000,0x00000000d5880000)
  from space 2048K, 100% used [0x00000000d5880000,0x00000000d5a80000,0x00000000d5a80000)
  to   space 4096K, 0% used [0x00000000d5c80000,0x00000000d5c80000,0x00000000d6080000)
 ParOldGen       total 1296384K, used 1296307K [0x0000000080000000, 0x00000000cf200000, 0x00000000d5580000)
  object space 1296384K, 99% used [0x0000000080000000,0x00000000cf1ecca8,0x00000000cf200000)
 Metaspace       used 89748K, committed 91584K, reserved 1179648K
  class space    used 9260K, committed 10048K, reserved 1048576K
}
Event: 579.764 GC heap before
{Heap before GC invocations=2758 (full 4):
 PSYoungGen      total 5120K, used 5120K [0x00000000d5580000, 0x00000000d6080000, 0x0000000100000000)
  eden space 3072K, 100% used [0x00000000d5580000,0x00000000d5880000,0x00000000d5880000)
  from space 2048K, 100% used [0x00000000d5880000,0x00000000d5a80000,0x00000000d5a80000)
  to   space 4096K, 0% used [0x00000000d5c80000,0x00000000d5c80000,0x00000000d6080000)
 ParOldGen       total 1296384K, used 1296307K [0x0000000080000000, 0x00000000cf200000, 0x00000000d5580000)
  object space 1296384K, 99% used [0x0000000080000000,0x00000000cf1ecca8,0x00000000cf200000)
 Metaspace       used 89748K, committed 91584K, reserved 1179648K
  class space    used 9260K, committed 10048K, reserved 1048576K
}
Event: 579.770 GC heap after
{Heap after GC invocations=2758 (full 4):
 PSYoungGen      total 5120K, used 650K [0x00000000d5580000, 0x00000000d5d80000, 0x0000000100000000)
  eden space 4096K, 0% used [0x00000000d5580000,0x00000000d5580000,0x00000000d5980000)
  from space 1024K, 63% used [0x00000000d5c80000,0x00000000d5d22910,0x00000000d5d80000)
  to   space 2048K, 0% used [0x00000000d5980000,0x00000000d5980000,0x00000000d5b80000)
 ParOldGen       total 1298432K, used 1298227K [0x0000000080000000, 0x00000000cf400000, 0x00000000d5580000)
  object space 1298432K, 99% used [0x0000000080000000,0x00000000cf3ccca8,0x00000000cf400000)
 Metaspace       used 89748K, committed 91584K, reserved 1179648K
  class space    used 9260K, committed 10048K, reserved 1048576K
}
Event: 579.846 GC heap before
{Heap before GC invocations=2759 (full 4):
 PSYoungGen      total 5120K, used 4746K [0x00000000d5580000, 0x00000000d5d80000, 0x0000000100000000)
  eden space 4096K, 99% used [0x00000000d5580000,0x00000000d597ffe8,0x00000000d5980000)
  from space 1024K, 63% used [0x00000000d5c80000,0x00000000d5d22910,0x00000000d5d80000)
  to   space 2048K, 0% used [0x00000000d5980000,0x00000000d5980000,0x00000000d5b80000)
 ParOldGen       total 1298432K, used 1298227K [0x0000000080000000, 0x00000000cf400000, 0x00000000d5580000)
  object space 1298432K, 99% used [0x0000000080000000,0x00000000cf3ccca8,0x00000000cf400000)
 Metaspace       used 89748K, committed 91584K, reserved 1179648K
  class space    used 9260K, committed 10048K, reserved 1048576K
}
Event: 579.851 GC heap after
{Heap after GC invocations=2759 (full 4):
 PSYoungGen      total 6144K, used 884K [0x00000000d5580000, 0x00000000d5d00000, 0x0000000100000000)
  eden space 4096K, 0% used [0x00000000d5580000,0x00000000d5580000,0x00000000d5980000)
  from space 2048K, 43% used [0x00000000d5980000,0x00000000d5a5d200,0x00000000d5b80000)
  to   space 1024K, 0% used [0x00000000d5c00000,0x00000000d5c00000,0x00000000d5d00000)
 ParOldGen       total 1298944K, used 1298751K [0x0000000080000000, 0x00000000cf480000, 0x00000000d5580000)
  object space 1298944K, 99% used [0x0000000080000000,0x00000000cf44feb8,0x00000000cf480000)
 Metaspace       used 89748K, committed 91584K, reserved 1179648K
  class space    used 9260K, committed 10048K, reserved 1048576K
}
Event: 580.161 GC heap before
{Heap before GC invocations=2760 (full 4):
 PSYoungGen      total 6144K, used 4980K [0x00000000d5580000, 0x00000000d5d00000, 0x0000000100000000)
  eden space 4096K, 99% used [0x00000000d5580000,0x00000000d597ffe0,0x00000000d5980000)
  from space 2048K, 43% used [0x00000000d5980000,0x00000000d5a5d200,0x00000000d5b80000)
  to   space 1024K, 0% used [0x00000000d5c00000,0x00000000d5c00000,0x00000000d5d00000)
 ParOldGen       total 1298944K, used 1298751K [0x0000000080000000, 0x00000000cf480000, 0x00000000d5580000)
  object space 1298944K, 99% used [0x0000000080000000,0x00000000cf44feb8,0x00000000cf480000)
 Metaspace       used 89748K, committed 91584K, reserved 1179648K
  class space    used 9260K, committed 10048K, reserved 1048576K
}
Event: 580.166 GC heap after
{Heap after GC invocations=2760 (full 4):
 PSYoungGen      total 5120K, used 724K [0x00000000d5580000, 0x00000000d5d00000, 0x0000000100000000)
  eden space 4096K, 0% used [0x00000000d5580000,0x00000000d5580000,0x00000000d5980000)
  from space 1024K, 70% used [0x00000000d5c00000,0x00000000d5cb5200,0x00000000d5d00000)
  to   space 1024K, 0% used [0x00000000d5b00000,0x00000000d5b00000,0x00000000d5c00000)
 ParOldGen       total 1299968K, used 1299484K [0x0000000080000000, 0x00000000cf580000, 0x00000000d5580000)
  object space 1299968K, 99% used [0x0000000080000000,0x00000000cf5070c8,0x00000000cf580000)
 Metaspace       used 89748K, committed 91584K, reserved 1179648K
  class space    used 9260K, committed 10048K, reserved 1048576K
}
Event: 580.188 GC heap before
{Heap before GC invocations=2761 (full 4):
 PSYoungGen      total 5120K, used 4820K [0x00000000d5580000, 0x00000000d5d00000, 0x0000000100000000)
  eden space 4096K, 100% used [0x00000000d5580000,0x00000000d5980000,0x00000000d5980000)
  from space 1024K, 70% used [0x00000000d5c00000,0x00000000d5cb5200,0x00000000d5d00000)
  to   space 1024K, 0% used [0x00000000d5b00000,0x00000000d5b00000,0x00000000d5c00000)
 ParOldGen       total 1299968K, used 1299484K [0x0000000080000000, 0x00000000cf580000, 0x00000000d5580000)
  object space 1299968K, 99% used [0x0000000080000000,0x00000000cf5070c8,0x00000000cf580000)
 Metaspace       used 89748K, committed 91584K, reserved 1179648K
  class space    used 9260K, committed 10048K, reserved 1048576K
}
Event: 580.193 GC heap after
{Heap after GC invocations=2761 (full 4):
 PSYoungGen      total 5120K, used 580K [0x00000000d5580000, 0x00000000d5c80000, 0x0000000100000000)
  eden space 4096K, 0% used [0x00000000d5580000,0x00000000d5580000,0x00000000d5980000)
  from space 1024K, 56% used [0x00000000d5b00000,0x00000000d5b91210,0x00000000d5c00000)
  to   space 512K, 0% used [0x00000000d5c00000,0x00000000d5c00000,0x00000000d5c80000)
 ParOldGen       total 1299968K, used 1299720K [0x0000000080000000, 0x00000000cf580000, 0x00000000d5580000)
  object space 1299968K, 99% used [0x0000000080000000,0x00000000cf5420d8,0x00000000cf580000)
 Metaspace       used 89748K, committed 91584K, reserved 1179648K
  class space    used 9260K, committed 10048K, reserved 1048576K
}
Event: 582.398 GC heap before
{Heap before GC invocations=2762 (full 4):
 PSYoungGen      total 5120K, used 4676K [0x00000000d5580000, 0x00000000d5c80000, 0x0000000100000000)
  eden space 4096K, 100% used [0x00000000d5580000,0x00000000d5980000,0x00000000d5980000)
  from space 1024K, 56% used [0x00000000d5b00000,0x00000000d5b91210,0x00000000d5c00000)
  to   space 512K, 0% used [0x00000000d5c00000,0x00000000d5c00000,0x00000000d5c80000)
 ParOldGen       total 1299968K, used 1299720K [0x0000000080000000, 0x00000000cf580000, 0x00000000d5580000)
  object space 1299968K, 99% used [0x0000000080000000,0x00000000cf5420d8,0x00000000cf580000)
 Metaspace       used 89757K, committed 91584K, reserved 1179648K
  class space    used 9260K, committed 10048K, reserved 1048576K
}
Event: 582.401 GC heap after
{Heap after GC invocations=2762 (full 4):
 PSYoungGen      total 4608K, used 506K [0x00000000d5580000, 0x00000000d5c80000, 0x0000000100000000)
  eden space 4096K, 0% used [0x00000000d5580000,0x00000000d5580000,0x00000000d5980000)
  from space 512K, 98% used [0x00000000d5c00000,0x00000000d5c7e900,0x00000000d5c80000)
  to   space 1024K, 0% used [0x00000000d5a80000,0x00000000d5a80000,0x00000000d5b80000)
 ParOldGen       total 1300480K, used 1300026K [0x0000000080000000, 0x00000000cf600000, 0x00000000d5580000)
  object space 1300480K, 99% used [0x0000000080000000,0x00000000cf58e9d8,0x00000000cf600000)
 Metaspace       used 89757K, committed 91584K, reserved 1179648K
  class space    used 9260K, committed 10048K, reserved 1048576K
}
Event: 582.417 GC heap before
{Heap before GC invocations=2763 (full 4):
 PSYoungGen      total 4608K, used 4602K [0x00000000d5580000, 0x00000000d5c80000, 0x0000000100000000)
  eden space 4096K, 100% used [0x00000000d5580000,0x00000000d5980000,0x00000000d5980000)
  from space 512K, 98% used [0x00000000d5c00000,0x00000000d5c7e900,0x00000000d5c80000)
  to   space 1024K, 0% used [0x00000000d5a80000,0x00000000d5a80000,0x00000000d5b80000)
 ParOldGen       total 1300480K, used 1300026K [0x0000000080000000, 0x00000000cf600000, 0x00000000d5580000)
  object space 1300480K, 99% used [0x0000000080000000,0x00000000cf58e9d8,0x00000000cf600000)
 Metaspace       used 89757K, committed 91584K, reserved 1179648K
  class space    used 9260K, committed 10048K, reserved 1048576K
}
Event: 582.420 GC heap after
{Heap after GC invocations=2763 (full 4):
 PSYoungGen      total 5120K, used 836K [0x00000000d5580000, 0x00000000d5c80000, 0x0000000100000000)
  eden space 4096K, 0% used [0x00000000d5580000,0x00000000d5580000,0x00000000d5980000)
  from space 1024K, 81% used [0x00000000d5a80000,0x00000000d5b51210,0x00000000d5b80000)
  to   space 1024K, 0% used [0x00000000d5b80000,0x00000000d5b80000,0x00000000d5c80000)
 ParOldGen       total 1300992K, used 1300589K [0x0000000080000000, 0x00000000cf680000, 0x00000000d5580000)
  object space 1300992K, 99% used [0x0000000080000000,0x00000000cf61b7f8,0x00000000cf680000)
 Metaspace       used 89757K, committed 91584K, reserved 1179648K
  class space    used 9260K, committed 10048K, reserved 1048576K
}
Event: 582.700 GC heap before
{Heap before GC invocations=2764 (full 4):
 PSYoungGen      total 5120K, used 4932K [0x00000000d5580000, 0x00000000d5c80000, 0x0000000100000000)
  eden space 4096K, 99% used [0x00000000d5580000,0x00000000d597fff0,0x00000000d5980000)
  from space 1024K, 81% used [0x00000000d5a80000,0x00000000d5b51210,0x00000000d5b80000)
  to   space 1024K, 0% used [0x00000000d5b80000,0x00000000d5b80000,0x00000000d5c80000)
 ParOldGen       total 1300992K, used 1300589K [0x0000000080000000, 0x00000000cf680000, 0x00000000d5580000)
  object space 1300992K, 99% used [0x0000000080000000,0x00000000cf61b7f8,0x00000000cf680000)
 Metaspace       used 89765K, committed 91648K, reserved 1179648K
  class space    used 9260K, committed 10048K, reserved 1048576K
}
Event: 582.704 GC heap after
{Heap after GC invocations=2764 (full 4):
 PSYoungGen      total 4608K, used 352K [0x00000000d5580000, 0x00000000d5c00000, 0x0000000100000000)
  eden space 4096K, 0% used [0x00000000d5580000,0x00000000d5580000,0x00000000d5980000)
  from space 512K, 68% used [0x00000000d5b80000,0x00000000d5bd8000,0x00000000d5c00000)
  to   space 1024K, 0% used [0x00000000d5a00000,0x00000000d5a00000,0x00000000d5b00000)
 ParOldGen       total 1301504K, used 1301391K [0x0000000080000000, 0x00000000cf700000, 0x00000000d5580000)
  object space 1301504K, 99% used [0x0000000080000000,0x00000000cf6e3f08,0x00000000cf700000)
 Metaspace       used 89765K, committed 91648K, reserved 1179648K
  class space    used 9260K, committed 10048K, reserved 1048576K
}
Event: 582.803 GC heap before
{Heap before GC invocations=2765 (full 4):
 PSYoungGen      total 4608K, used 4447K [0x00000000d5580000, 0x00000000d5c00000, 0x0000000100000000)
  eden space 4096K, 99% used [0x00000000d5580000,0x00000000d597fdc0,0x00000000d5980000)
  from space 512K, 68% used [0x00000000d5b80000,0x00000000d5bd8000,0x00000000d5c00000)
  to   space 1024K, 0% used [0x00000000d5a00000,0x00000000d5a00000,0x00000000d5b00000)
 ParOldGen       total 1301504K, used 1301391K [0x0000000080000000, 0x00000000cf700000, 0x00000000d5580000)
  object space 1301504K, 99% used [0x0000000080000000,0x00000000cf6e3f08,0x00000000cf700000)
 Metaspace       used 89765K, committed 91648K, reserved 1179648K
  class space    used 9260K, committed 10048K, reserved 1048576K
}
Event: 582.808 GC heap after
{Heap after GC invocations=2765 (full 4):
 PSYoungGen      total 5120K, used 692K [0x00000000d5580000, 0x00000000d5c00000, 0x0000000100000000)
  eden space 4096K, 0% used [0x00000000d5580000,0x00000000d5580000,0x00000000d5980000)
  from space 1024K, 67% used [0x00000000d5a00000,0x00000000d5aad200,0x00000000d5b00000)
  to   space 1024K, 0% used [0x00000000d5b00000,0x00000000d5b00000,0x00000000d5c00000)
 ParOldGen       total 1301504K, used 1301479K [0x0000000080000000, 0x00000000cf700000, 0x00000000d5580000)
  object space 1301504K, 99% used [0x0000000080000000,0x00000000cf6f9f08,0x00000000cf700000)
 Metaspace       used 89765K, committed 91648K, reserved 1179648K
  class space    used 9260K, committed 10048K, reserved 1048576K
}
Event: 583.168 GC heap before
{Heap before GC invocations=2766 (full 4):
 PSYoungGen      total 5120K, used 4788K [0x00000000d5580000, 0x00000000d5c00000, 0x0000000100000000)
  eden space 4096K, 100% used [0x00000000d5580000,0x00000000d5980000,0x00000000d5980000)
  from space 1024K, 67% used [0x00000000d5a00000,0x00000000d5aad200,0x00000000d5b00000)
  to   space 1024K, 0% used [0x00000000d5b00000,0x00000000d5b00000,0x00000000d5c00000)
 ParOldGen       total 1301504K, used 1301479K [0x0000000080000000, 0x00000000cf700000, 0x00000000d5580000)
  object space 1301504K, 99% used [0x0000000080000000,0x00000000cf6f9f08,0x00000000cf700000)
 Metaspace       used 89765K, committed 91648K, reserved 1179648K
  class space    used 9260K, committed 10048K, reserved 1048576K
}
Event: 583.171 GC heap after
{Heap after GC invocations=2766 (full 4):
 PSYoungGen      total 4608K, used 352K [0x00000000d5580000, 0x00000000d5b80000, 0x0000000100000000)
  eden space 4096K, 0% used [0x00000000d5580000,0x00000000d5580000,0x00000000d5980000)
  from space 512K, 68% used [0x00000000d5b00000,0x00000000d5b58000,0x00000000d5b80000)
  to   space 512K, 0% used [0x00000000d5a80000,0x00000000d5a80000,0x00000000d5b00000)
 ParOldGen       total 1302016K, used 1301551K [0x0000000080000000, 0x00000000cf780000, 0x00000000d5580000)
  object space 1302016K, 99% used [0x0000000080000000,0x00000000cf70bf08,0x00000000cf780000)
 Metaspace       used 89765K, committed 91648K, reserved 1179648K
  class space    used 9260K, committed 10048K, reserved 1048576K
}

Dll operation events (12 events):
Event: 0.019 Loaded shared library c:\Users\Usuario\.vscode\extensions\redhat.java-1.54.0-win32-x64\jre\21.0.10-win32-x86_64\bin\java.dll
Event: 0.155 Loaded shared library c:\Users\Usuario\.vscode\extensions\redhat.java-1.54.0-win32-x64\jre\21.0.10-win32-x86_64\bin\zip.dll
Event: 0.203 Loaded shared library C:\Users\Usuario\.vscode\extensions\redhat.java-1.54.0-win32-x64\jre\21.0.10-win32-x86_64\bin\instrument.dll
Event: 0.211 Loaded shared library C:\Users\Usuario\.vscode\extensions\redhat.java-1.54.0-win32-x64\jre\21.0.10-win32-x86_64\bin\net.dll
Event: 0.216 Loaded shared library C:\Users\Usuario\.vscode\extensions\redhat.java-1.54.0-win32-x64\jre\21.0.10-win32-x86_64\bin\nio.dll
Event: 0.223 Loaded shared library C:\Users\Usuario\.vscode\extensions\redhat.java-1.54.0-win32-x64\jre\21.0.10-win32-x86_64\bin\zip.dll
Event: 0.258 Loaded shared library C:\Users\Usuario\.vscode\extensions\redhat.java-1.54.0-win32-x64\jre\21.0.10-win32-x86_64\bin\jimage.dll
Event: 0.428 Loaded shared library c:\Users\Usuario\.vscode\extensions\redhat.java-1.54.0-win32-x64\jre\21.0.10-win32-x86_64\bin\verify.dll
Event: 2.515 Loaded shared library C:\Users\Usuario\AppData\Roaming\Code\User\globalStorage\redhat.java\1.54.0\config_win\org.eclipse.equinox.launcher\org.eclipse.equinox.launcher.win32.win32.x86_64_1.3.0.v20260203-2149\eclipse_11919.dll
Event: 7.205 Loaded shared library C:\Users\Usuario\AppData\Local\Temp\jna-1531808526\jna11655864568011844463.dll
Event: 86.108 Loaded shared library C:\Users\Usuario\.vscode\extensions\redhat.java-1.54.0-win32-x64\jre\21.0.10-win32-x86_64\bin\sunmscapi.dll
Event: 86.171 Loaded shared library C:\Users\Usuario\.vscode\extensions\redhat.java-1.54.0-win32-x64\jre\21.0.10-win32-x86_64\bin\extnet.dll

Deoptimization events (20 events):
Event: 578.596 Thread 0x000001ac5c1deb70 Uncommon trap: trap_request=0xffffff45 fr.pc=0x000001ac08be5cb0 relative=0x0000000000000110
Event: 578.596 Thread 0x000001ac5c1deb70 Uncommon trap: reason=unstable_if action=reinterpret pc=0x000001ac08be5cb0 method=org.eclipse.jdt.internal.compiler.util.Util.getLineNumber(I[III)I @ 50 c2
Event: 578.596 Thread 0x000001ac5c1deb70 DEOPT PACKING pc=0x000001ac08be5cb0 sp=0x0000006654bfdcd0
Event: 578.596 Thread 0x000001ac5c1deb70 DEOPT UNPACKING pc=0x000001ac074a3aa2 sp=0x0000006654bfdbe0 mode 2
Event: 1551.348 Thread 0x000001ac5e4f1720 Uncommon trap: trap_request=0xffffff45 fr.pc=0x000001ac09023220 relative=0x00000000000007c0
Event: 1551.349 Thread 0x000001ac5e4f1720 Uncommon trap: reason=unstable_if action=reinterpret pc=0x000001ac09023220 method=org.eclipse.core.internal.jobs.JobManager.nextJob()Lorg/eclipse/core/runtime/jobs/Job; @ 78 c2
Event: 1551.349 Thread 0x000001ac5e4f1720 DEOPT PACKING pc=0x000001ac09023220 sp=0x00000066554ff480
Event: 1551.350 Thread 0x000001ac5e4f1720 DEOPT UNPACKING pc=0x000001ac074a3aa2 sp=0x00000066554ff3b0 mode 2
Event: 1551.356 Thread 0x000001ac5e4f1090 Uncommon trap: trap_request=0xffffff45 fr.pc=0x000001ac09021c7c relative=0x000000000000043c
Event: 1551.356 Thread 0x000001ac5e4f1090 Uncommon trap: reason=unstable_if action=reinterpret pc=0x000001ac09021c7c method=org.eclipse.core.internal.jobs.JobManager.nextJob()Lorg/eclipse/core/runtime/jobs/Job; @ 78 c2
Event: 1551.356 Thread 0x000001ac5e4f1090 DEOPT PACKING pc=0x000001ac09021c7c sp=0x00000066556ff000
Event: 1551.357 Thread 0x000001ac5e4f1090 DEOPT UNPACKING pc=0x000001ac074a3aa2 sp=0x00000066556fefa8 mode 2
Event: 1551.357 Thread 0x000001ac5e4f1090 Uncommon trap: trap_request=0xffffff45 fr.pc=0x000001ac09024a4c relative=0x000000000000030c
Event: 1551.357 Thread 0x000001ac5e4f1090 Uncommon trap: reason=unstable_if action=reinterpret pc=0x000001ac09024a4c method=org.eclipse.core.internal.jobs.JobManager.sleepHint()J @ 43 c2
Event: 1551.357 Thread 0x000001ac5e4f1090 DEOPT PACKING pc=0x000001ac09024a4c sp=0x00000066556ff0a0
Event: 1551.357 Thread 0x000001ac5e4f1090 DEOPT UNPACKING pc=0x000001ac074a3aa2 sp=0x00000066556ff058 mode 2
Event: 1551.479 Thread 0x000001ac5e4f1720 Uncommon trap: trap_request=0xffffff45 fr.pc=0x000001ac08d9cfc8 relative=0x0000000000000188
Event: 1551.479 Thread 0x000001ac5e4f1720 Uncommon trap: reason=unstable_if action=reinterpret pc=0x000001ac08d9cfc8 method=java.io.ObjectOutputStream$HandleTable.lookup(Ljava/lang/Object;)I @ 4 c2
Event: 1551.479 Thread 0x000001ac5e4f1720 DEOPT PACKING pc=0x000001ac08d9cfc8 sp=0x00000066554feef0
Event: 1551.479 Thread 0x000001ac5e4f1720 DEOPT UNPACKING pc=0x000001ac074a3aa2 sp=0x00000066554fee80 mode 2

Classes loaded (20 events):
Event: 309.012 Loading class java/util/stream/Nodes$ConcNode
Event: 309.012 Loading class java/util/stream/Nodes$AbstractConcNode
Event: 309.013 Loading class java/util/stream/Nodes$AbstractConcNode done
Event: 309.013 Loading class java/util/stream/Nodes$ConcNode done
Event: 309.041 Loading class java/io/ObjectOutputStream$BlockDataOutputStream
Event: 309.041 Loading class java/io/ObjectOutputStream$BlockDataOutputStream done
Event: 309.042 Loading class java/io/ObjectOutputStream$HandleTable
Event: 309.042 Loading class java/io/ObjectOutputStream$HandleTable done
Event: 309.042 Loading class java/io/ObjectOutputStream$ReplaceTable
Event: 309.043 Loading class java/io/ObjectOutputStream$ReplaceTable done
Event: 411.788 Loading class sun/security/ssl/PreSharedKeyExtension$PskIdentity
Event: 411.788 Loading class sun/security/ssl/PreSharedKeyExtension$PskIdentity done
Event: 411.789 Loading class sun/security/ssl/PreSharedKeyExtension$CHPreSharedKeySpec
Event: 411.789 Loading class sun/security/ssl/PreSharedKeyExtension$CHPreSharedKeySpec done
Event: 411.790 Loading class sun/security/ssl/PreSharedKeyExtension$PartialClientHelloMessage
Event: 411.790 Loading class sun/security/ssl/PreSharedKeyExtension$PartialClientHelloMessage done
Event: 412.165 Loading class sun/security/ssl/PreSharedKeyExtension$SHPreSharedKeySpec
Event: 412.165 Loading class sun/security/ssl/PreSharedKeyExtension$SHPreSharedKeySpec done
Event: 542.117 Loading class java/net/HttpURLConnection
Event: 542.119 Loading class java/net/HttpURLConnection done

Classes unloaded (20 events):
Event: 93.414 Thread 0x000001ac139f32f0 Unloading class 0x000001ac157a3400 'java/lang/invoke/LambdaForm$MH+0x000001ac157a3400'
Event: 93.414 Thread 0x000001ac139f32f0 Unloading class 0x000001ac157a3000 'java/lang/invoke/LambdaForm$MH+0x000001ac157a3000'
Event: 93.414 Thread 0x000001ac139f32f0 Unloading class 0x000001ac157a2400 'java/lang/invoke/LambdaForm$DMH+0x000001ac157a2400'
Event: 93.414 Thread 0x000001ac139f32f0 Unloading class 0x000001ac157a1c00 'java/lang/invoke/LambdaForm$MH+0x000001ac157a1c00'
Event: 93.414 Thread 0x000001ac139f32f0 Unloading class 0x000001ac157a1800 'java/lang/invoke/LambdaForm$MH+0x000001ac157a1800'
Event: 93.414 Thread 0x000001ac139f32f0 Unloading class 0x000001ac157a1000 'java/lang/invoke/LambdaForm$DMH+0x000001ac157a1000'
Event: 93.414 Thread 0x000001ac139f32f0 Unloading class 0x000001ac157a0800 'java/lang/invoke/LambdaForm$MH+0x000001ac157a0800'
Event: 93.414 Thread 0x000001ac139f32f0 Unloading class 0x000001ac157a0000 'java/lang/invoke/LambdaForm$MH+0x000001ac157a0000'
Event: 93.414 Thread 0x000001ac139f32f0 Unloading class 0x000001ac1579a400 'java/lang/invoke/LambdaForm$MH+0x000001ac1579a400'
Event: 93.414 Thread 0x000001ac139f32f0 Unloading class 0x000001ac1579a000 'java/lang/invoke/LambdaForm$DMH+0x000001ac1579a000'
Event: 93.414 Thread 0x000001ac139f32f0 Unloading class 0x000001ac15799400 'java/lang/invoke/LambdaForm$MH+0x000001ac15799400'
Event: 93.414 Thread 0x000001ac139f32f0 Unloading class 0x000001ac15798c00 'java/lang/invoke/LambdaForm$MH+0x000001ac15798c00'
Event: 93.414 Thread 0x000001ac139f32f0 Unloading class 0x000001ac15798400 'java/lang/invoke/LambdaForm$MH+0x000001ac15798400'
Event: 93.414 Thread 0x000001ac139f32f0 Unloading class 0x000001ac15798000 'java/lang/invoke/LambdaForm$MH+0x000001ac15798000'
Event: 93.414 Thread 0x000001ac139f32f0 Unloading class 0x000001ac1577e000 'java/lang/invoke/LambdaForm$MH+0x000001ac1577e000'
Event: 93.414 Thread 0x000001ac139f32f0 Unloading class 0x000001ac1577d800 'java/lang/invoke/LambdaForm$MH+0x000001ac1577d800'
Event: 93.414 Thread 0x000001ac139f32f0 Unloading class 0x000001ac1577d000 'java/lang/invoke/LambdaForm$MH+0x000001ac1577d000'
Event: 93.414 Thread 0x000001ac139f32f0 Unloading class 0x000001ac1577c800 'java/lang/invoke/LambdaForm$MH+0x000001ac1577c800'
Event: 93.414 Thread 0x000001ac139f32f0 Unloading class 0x000001ac1573c400 'java/lang/invoke/LambdaForm$DMH+0x000001ac1573c400'
Event: 93.414 Thread 0x000001ac139f32f0 Unloading class 0x000001ac15758400 'java/lang/invoke/LambdaForm$DMH+0x000001ac15758400'

Classes redefined (0 events):
No events

Internal exceptions (20 events):
Event: 407.085 Thread 0x000001ac602763b0 Exception <a 'java/lang/ArrayIndexOutOfBoundsException'{0x00000000d56d3868}> (0x00000000d56d3868) 
thrown [s\src\hotspot\share\runtime\sharedRuntime.cpp, line 625]
Event: 419.646 Thread 0x000001ac5d4bb140 Exception <a 'sun/nio/fs/WindowsException'{0x00000000d568bf28}> (0x00000000d568bf28) 
thrown [s\src\hotspot\share\prims\jni.cpp, line 520]
Event: 419.980 Thread 0x000001ac5d4bb140 Exception <a 'sun/nio/fs/WindowsException'{0x00000000d57527b8}> (0x00000000d57527b8) 
thrown [s\src\hotspot\share\prims\jni.cpp, line 520]
Event: 431.923 Thread 0x000001ac602763b0 Exception <a 'java/lang/ArrayIndexOutOfBoundsException'{0x00000000d5a950c0}> (0x00000000d5a950c0) 
thrown [s\src\hotspot\share\runtime\sharedRuntime.cpp, line 625]
Event: 440.388 Thread 0x000001ac602763b0 Exception <a 'java/lang/ArrayIndexOutOfBoundsException'{0x00000000d599fb70}> (0x00000000d599fb70) 
thrown [s\src\hotspot\share\runtime\sharedRuntime.cpp, line 625]
Event: 440.710 Thread 0x000001ac602763b0 Exception <a 'java/lang/ArrayIndexOutOfBoundsException'{0x00000000d55f5a50}> (0x00000000d55f5a50) 
thrown [s\src\hotspot\share\runtime\sharedRuntime.cpp, line 625]
Event: 441.003 Thread 0x000001ac602763b0 Exception <a 'java/lang/ArrayIndexOutOfBoundsException'{0x00000000d5a993c8}> (0x00000000d5a993c8) 
thrown [s\src\hotspot\share\runtime\sharedRuntime.cpp, line 625]
Event: 441.144 Thread 0x000001ac602763b0 Exception <a 'java/lang/ArrayIndexOutOfBoundsException'{0x00000000d5740148}> (0x00000000d5740148) 
thrown [s\src\hotspot\share\runtime\sharedRuntime.cpp, line 625]
Event: 441.254 Thread 0x000001ac602763b0 Exception <a 'java/lang/ArrayIndexOutOfBoundsException'{0x00000000d5916b38}> (0x00000000d5916b38) 
thrown [s\src\hotspot\share\runtime\sharedRuntime.cpp, line 625]
Event: 441.365 Thread 0x000001ac602763b0 Exception <a 'java/lang/ArrayIndexOutOfBoundsException'{0x00000000d583f9d0}> (0x00000000d583f9d0) 
thrown [s\src\hotspot\share\runtime\sharedRuntime.cpp, line 625]
Event: 471.936 Thread 0x000001ac6024da20 Implicit null exception at 0x000001ac08d57356 to 0x000001ac08d574fc
Event: 473.596 Thread 0x000001ac5d4bb140 Exception <a 'sun/nio/fs/WindowsException'{0x00000000d570da60}> (0x00000000d570da60) 
thrown [s\src\hotspot\share\prims\jni.cpp, line 520]
Event: 473.999 Thread 0x000001ac5d4bb140 Exception <a 'sun/nio/fs/WindowsException'{0x00000000d55e5428}> (0x00000000d55e5428) 
thrown [s\src\hotspot\share\prims\jni.cpp, line 520]
Event: 503.056 Thread 0x000001ac602763b0 Exception <a 'java/lang/IncompatibleClassChangeError'{0x00000000d56f9ab8}: Found class java.lang.Object, but interface was expected> (0x00000000d56f9ab8) 
thrown [s\src\hotspot\share\interpreter\linkResolver.cpp, line 840]
Event: 527.418 Thread 0x000001ac5d4bb140 Exception <a 'sun/nio/fs/WindowsException'{0x00000000d5680060}> (0x00000000d5680060) 
thrown [s\src\hotspot\share\prims\jni.cpp, line 520]
Event: 527.750 Thread 0x000001ac5d4bb140 Exception <a 'sun/nio/fs/WindowsException'{0x00000000d56b5770}> (0x00000000d56b5770) 
thrown [s\src\hotspot\share\prims\jni.cpp, line 520]
Event: 542.101 Thread 0x000001ac5c1deb70 Implicit null exception at 0x000001ac08bf3da4 to 0x000001ac08bf7304
Event: 542.101 Thread 0x000001ac5c1deb70 Implicit null exception at 0x000001ac080406a7 to 0x000001ac08040a3c
Event: 562.271 Thread 0x000001ac5d4bb140 Exception <a 'sun/nio/fs/WindowsException'{0x00000000d55a76e0}> (0x00000000d55a76e0) 
thrown [s\src\hotspot\share\prims\jni.cpp, line 520]
Event: 562.604 Thread 0x000001ac5d4bb140 Exception <a 'sun/nio/fs/WindowsException'{0x00000000d58ba5e0}> (0x00000000d58ba5e0) 
thrown [s\src\hotspot\share\prims\jni.cpp, line 520]

ZGC Phase Switch (0 events):
No events

VM Operations (20 events):
Event: 4684.302 Executing non-safepoint VM operation: RendezvousGCThreads done
Event: 4744.310 Executing non-safepoint VM operation: HandshakeAllThreads (HandshakeForDeflation)
Event: 4744.311 Executing non-safepoint VM operation: HandshakeAllThreads (HandshakeForDeflation) done
Event: 4744.311 Executing non-safepoint VM operation: RendezvousGCThreads
Event: 4744.311 Executing non-safepoint VM operation: RendezvousGCThreads done
Event: 4804.454 Executing non-safepoint VM operation: HandshakeAllThreads (HandshakeForDeflation)
Event: 4804.454 Executing non-safepoint VM operation: HandshakeAllThreads (HandshakeForDeflation) done
Event: 4804.455 Executing non-safepoint VM operation: RendezvousGCThreads
Event: 4804.455 Executing non-safepoint VM operation: RendezvousGCThreads done
Event: 4864.554 Executing non-safepoint VM operation: HandshakeAllThreads (HandshakeForDeflation)
Event: 4864.555 Executing non-safepoint VM operation: HandshakeAllThreads (HandshakeForDeflation) done
Event: 4864.555 Executing non-safepoint VM operation: RendezvousGCThreads
Event: 4864.555 Executing non-safepoint VM operation: RendezvousGCThreads done
Event: 4870.609 Executing safepoint VM operation: Cleanup
Event: 4870.609 Executing safepoint VM operation: Cleanup done
Event: 4924.804 Executing non-safepoint VM operation: HandshakeAllThreads (HandshakeForDeflation)
Event: 4924.804 Executing non-safepoint VM operation: HandshakeAllThreads (HandshakeForDeflation) done
Event: 4924.804 Executing non-safepoint VM operation: RendezvousGCThreads
Event: 4924.804 Executing non-safepoint VM operation: RendezvousGCThreads done
Event: 5105.353 Executing non-safepoint VM operation: HandshakeAllThreads (HandshakeForDeflation)

Memory protections (0 events):
No events

Nmethod flushes (20 events):
Event: 93.477 Thread 0x000001ac139f32f0 flushing  nmethod 0x000001ac01438f90
Event: 93.477 Thread 0x000001ac139f32f0 flushing  nmethod 0x000001ac01448c90
Event: 93.477 Thread 0x000001ac139f32f0 flushing  nmethod 0x000001ac0146b490
Event: 93.477 Thread 0x000001ac139f32f0 flushing  nmethod 0x000001ac0149c310
Event: 93.477 Thread 0x000001ac139f32f0 flushing  nmethod 0x000001ac014a5f10
Event: 93.477 Thread 0x000001ac139f32f0 flushing  nmethod 0x000001ac014a6f90
Event: 93.477 Thread 0x000001ac139f32f0 flushing  nmethod 0x000001ac014a7e10
Event: 93.477 Thread 0x000001ac139f32f0 flushing  nmethod 0x000001ac014a8490
Event: 93.477 Thread 0x000001ac139f32f0 flushing  nmethod 0x000001ac014aa190
Event: 93.477 Thread 0x000001ac139f32f0 flushing  nmethod 0x000001ac014aa810
Event: 93.477 Thread 0x000001ac139f32f0 flushing  nmethod 0x000001ac014ab710
Event: 93.477 Thread 0x000001ac139f32f0 flushing  nmethod 0x000001ac014abf10
Event: 93.477 Thread 0x000001ac139f32f0 flushing  nmethod 0x000001ac014b5a90
Event: 93.477 Thread 0x000001ac139f32f0 flushing  nmethod 0x000001ac014f5890
Event: 93.477 Thread 0x000001ac139f32f0 flushing  nmethod 0x000001ac01511f10
Event: 93.477 Thread 0x000001ac139f32f0 flushing  nmethod 0x000001ac01533b90
Event: 93.477 Thread 0x000001ac139f32f0 flushing  nmethod 0x000001ac01567e90
Event: 93.477 Thread 0x000001ac139f32f0 flushing  nmethod 0x000001ac01592710
Event: 93.477 Thread 0x000001ac139f32f0 flushing  nmethod 0x000001ac015ab310
Event: 93.477 Thread 0x000001ac139f32f0 flushing osr nmethod 0x000001ac015e1510

Events (20 events):
Event: 1551.559 Thread 0x000001ac5d4bcb80 Thread exited: 0x000001ac5d4bcb80
Event: 1551.657 Thread 0x000001ac5ef6a9c0 Thread exited: 0x000001ac5ef6a9c0
Event: 1551.660 Thread 0x000001ac5c10d3f0 Thread exited: 0x000001ac5c10d3f0
Event: 1551.660 Thread 0x000001ac5c10c650 Thread exited: 0x000001ac5c10c650
Event: 1560.272 Thread 0x000001ac5d4bb7d0 Thread exited: 0x000001ac5d4bb7d0
Event: 1562.665 Thread 0x000001ac5d97bad0 Thread exited: 0x000001ac5d97bad0
Event: 1622.666 Thread 0x000001ac60534c50 Thread exited: 0x000001ac60534c50
Event: 1682.682 Thread 0x000001ac69500da0 Thread exited: 0x000001ac69500da0
Event: 1742.680 Thread 0x000001ac5c1deb70 Thread exited: 0x000001ac5c1deb70
Event: 1802.699 Thread 0x000001ac5c1dde50 Thread exited: 0x000001ac5c1dde50
Event: 1862.705 Thread 0x000001ac697989f0 Thread exited: 0x000001ac697989f0
Event: 1922.710 Thread 0x000001ac5e4efce0 Thread exited: 0x000001ac5e4efce0
Event: 1982.716 Thread 0x000001ac5d978650 Thread exited: 0x000001ac5d978650
Event: 2042.714 Thread 0x000001ac60816530 Thread exited: 0x000001ac60816530
Event: 2102.717 Thread 0x000001ac5fded100 Thread exited: 0x000001ac5fded100
Event: 2162.718 Thread 0x000001ac6a0b7330 Thread exited: 0x000001ac6a0b7330
Event: 2222.737 Thread 0x000001ac60898120 Thread exited: 0x000001ac60898120
Event: 2282.744 Thread 0x000001ac5e4f2ad0 Thread exited: 0x000001ac5e4f2ad0
Event: 2342.762 Thread 0x000001ac6024da20 Thread exited: 0x000001ac6024da20
Event: 2402.779 Thread 0x000001ac5ef69ca0 Thread exited: 0x000001ac5ef69ca0


Dynamic libraries:
0x00007ff74cac0000 - 0x00007ff74cace000 	c:\Users\Usuario\.vscode\extensions\redhat.java-1.54.0-win32-x64\jre\21.0.10-win32-x86_64\bin\java.exe
0x00007fff2a8e0000 - 0x00007fff2ab48000 	C:\WINDOWS\SYSTEM32\ntdll.dll
0x00007fff29730000 - 0x00007fff297f9000 	C:\WINDOWS\System32\KERNEL32.DLL
0x00007fff28080000 - 0x00007fff28472000 	C:\WINDOWS\System32\KERNELBASE.dll
0x00007fff27f30000 - 0x00007fff2807b000 	C:\WINDOWS\System32\ucrtbase.dll
0x00007ffe444c0000 - 0x00007ffe444d8000 	c:\Users\Usuario\.vscode\extensions\redhat.java-1.54.0-win32-x64\jre\21.0.10-win32-x86_64\bin\jli.dll
0x00007ffe44510000 - 0x00007ffe4452e000 	c:\Users\Usuario\.vscode\extensions\redhat.java-1.54.0-win32-x64\jre\21.0.10-win32-x86_64\bin\VCRUNTIME140.dll
0x00007fff29810000 - 0x00007fff299d5000 	C:\WINDOWS\System32\USER32.dll
0x00007fff27dd0000 - 0x00007fff27df7000 	C:\WINDOWS\System32\win32u.dll
0x00007fff111b0000 - 0x00007fff11443000 	C:\WINDOWS\WinSxS\amd64_microsoft.windows.common-controls_6595b64144ccf1df_6.0.26100.6899_none_3e0efeeae32e88c1\COMCTL32.dll
0x00007fff29e30000 - 0x00007fff29e5b000 	C:\WINDOWS\System32\GDI32.dll
0x00007fff28e50000 - 0x00007fff28ef9000 	C:\WINDOWS\System32\msvcrt.dll
0x00007fff27e00000 - 0x00007fff27f2d000 	C:\WINDOWS\System32\gdi32full.dll
0x00007fff27b00000 - 0x00007fff27ba3000 	C:\WINDOWS\System32\msvcp_win.dll
0x00007fff28cd0000 - 0x00007fff28cff000 	C:\WINDOWS\System32\IMM32.DLL
0x00007ffee5d10000 - 0x00007ffee5d1c000 	c:\Users\Usuario\.vscode\extensions\redhat.java-1.54.0-win32-x64\jre\21.0.10-win32-x86_64\bin\vcruntime140_1.dll
0x00007ffe44430000 - 0x00007ffe444bd000 	c:\Users\Usuario\.vscode\extensions\redhat.java-1.54.0-win32-x64\jre\21.0.10-win32-x86_64\bin\msvcp140.dll
0x00007ffe43680000 - 0x00007ffe44421000 	c:\Users\Usuario\.vscode\extensions\redhat.java-1.54.0-win32-x64\jre\21.0.10-win32-x86_64\bin\server\jvm.dll
0x00007fff28d10000 - 0x00007fff28dc4000 	C:\WINDOWS\System32\ADVAPI32.dll
0x00007fff2a7f0000 - 0x00007fff2a896000 	C:\WINDOWS\System32\sechost.dll
0x00007fff287b0000 - 0x00007fff288c8000 	C:\WINDOWS\System32\RPCRT4.dll
0x00007fff28fc0000 - 0x00007fff29034000 	C:\WINDOWS\System32\WS2_32.dll
0x00007fff278d0000 - 0x00007fff2792e000 	C:\WINDOWS\SYSTEM32\POWRPROF.dll
0x00007fff20e60000 - 0x00007fff20e6b000 	C:\WINDOWS\SYSTEM32\VERSION.dll
0x00007fff20e20000 - 0x00007fff20e55000 	C:\WINDOWS\SYSTEM32\WINMM.dll
0x00007fff278b0000 - 0x00007fff278c4000 	C:\WINDOWS\SYSTEM32\UMPDC.dll
0x00007fff26840000 - 0x00007fff2685b000 	C:\WINDOWS\SYSTEM32\kernel.appcore.dll
0x00007ffee50e0000 - 0x00007ffee50ea000 	c:\Users\Usuario\.vscode\extensions\redhat.java-1.54.0-win32-x64\jre\21.0.10-win32-x86_64\bin\jimage.dll
0x00007fff25290000 - 0x00007fff254d2000 	C:\WINDOWS\SYSTEM32\DBGHELP.DLL
0x00007fff28950000 - 0x00007fff28ccb000 	C:\WINDOWS\System32\combase.dll
0x00007fff29cd0000 - 0x00007fff29da7000 	C:\WINDOWS\System32\OLEAUT32.dll
0x00007fff0b710000 - 0x00007fff0b74c000 	C:\WINDOWS\SYSTEM32\dbgcore.DLL
0x00007fff27bb0000 - 0x00007fff27c48000 	C:\WINDOWS\System32\bcryptPrimitives.dll
0x00007ffea4470000 - 0x00007ffea447f000 	c:\Users\Usuario\.vscode\extensions\redhat.java-1.54.0-win32-x64\jre\21.0.10-win32-x86_64\bin\instrument.dll
0x00007ffe444f0000 - 0x00007ffe44510000 	c:\Users\Usuario\.vscode\extensions\redhat.java-1.54.0-win32-x64\jre\21.0.10-win32-x86_64\bin\java.dll
0x00007fff2a000000 - 0x00007fff2a74d000 	C:\WINDOWS\System32\SHELL32.dll
0x00007fff28480000 - 0x00007fff285eb000 	C:\WINDOWS\System32\wintypes.dll
0x00007fff256c0000 - 0x00007fff25f1d000 	C:\WINDOWS\SYSTEM32\windows.storage.dll
0x00007fff29a70000 - 0x00007fff29b62000 	C:\WINDOWS\System32\SHCORE.dll
0x00007fff28de0000 - 0x00007fff28e42000 	C:\WINDOWS\System32\shlwapi.dll
0x00007fff27990000 - 0x00007fff279b9000 	C:\WINDOWS\SYSTEM32\profapi.dll
0x00007ffe43660000 - 0x00007ffe43678000 	c:\Users\Usuario\.vscode\extensions\redhat.java-1.54.0-win32-x64\jre\21.0.10-win32-x86_64\bin\zip.dll
0x00007ffe9ac40000 - 0x00007ffe9ac50000 	C:\Users\Usuario\.vscode\extensions\redhat.java-1.54.0-win32-x64\jre\21.0.10-win32-x86_64\bin\net.dll
0x00007fff1de70000 - 0x00007fff1df8f000 	C:\WINDOWS\SYSTEM32\WINHTTP.dll
0x00007fff26db0000 - 0x00007fff26e1b000 	C:\WINDOWS\system32\mswsock.dll
0x00007ffe43640000 - 0x00007ffe43656000 	C:\Users\Usuario\.vscode\extensions\redhat.java-1.54.0-win32-x64\jre\21.0.10-win32-x86_64\bin\nio.dll
0x00007ffe738f0000 - 0x00007ffe73900000 	c:\Users\Usuario\.vscode\extensions\redhat.java-1.54.0-win32-x64\jre\21.0.10-win32-x86_64\bin\verify.dll
0x00007ffe58760000 - 0x00007ffe587a5000 	C:\Users\Usuario\AppData\Roaming\Code\User\globalStorage\redhat.java\1.54.0\config_win\org.eclipse.equinox.launcher\org.eclipse.equinox.launcher.win32.win32.x86_64_1.3.0.v20260203-2149\eclipse_11919.dll
0x00007fff29e60000 - 0x00007fff29ff8000 	C:\WINDOWS\System32\ole32.dll
0x00007fff27070000 - 0x00007fff2708b000 	C:\WINDOWS\SYSTEM32\CRYPTSP.dll
0x00007fff267a0000 - 0x00007fff267db000 	C:\WINDOWS\system32\rsaenh.dll
0x00007fff26e50000 - 0x00007fff26e7b000 	C:\WINDOWS\SYSTEM32\USERENV.dll
0x00007fff27960000 - 0x00007fff27986000 	C:\WINDOWS\SYSTEM32\bcrypt.dll
0x00007fff27060000 - 0x00007fff2706c000 	C:\WINDOWS\SYSTEM32\CRYPTBASE.dll
0x00007fff26290000 - 0x00007fff262c4000 	C:\WINDOWS\SYSTEM32\IPHLPAPI.DLL
0x00007fff29a60000 - 0x00007fff29a6a000 	C:\WINDOWS\System32\NSI.dll
0x00007fff03770000 - 0x00007fff037b9000 	C:\Users\Usuario\AppData\Local\Temp\jna-1531808526\jna11655864568011844463.dll
0x00007fff2a750000 - 0x00007fff2a758000 	C:\WINDOWS\System32\PSAPI.DLL
0x00007fff21330000 - 0x00007fff2134e000 	C:\WINDOWS\SYSTEM32\dhcpcsvc6.DLL
0x00007fff211e0000 - 0x00007fff21203000 	C:\WINDOWS\SYSTEM32\dhcpcsvc.DLL
0x00007ffee5ce0000 - 0x00007ffee5cee000 	C:\Users\Usuario\.vscode\extensions\redhat.java-1.54.0-win32-x64\jre\21.0.10-win32-x86_64\bin\sunmscapi.dll
0x00007fff27c50000 - 0x00007fff27dc7000 	C:\WINDOWS\System32\CRYPT32.dll
0x00007fff27280000 - 0x00007fff272b0000 	C:\WINDOWS\SYSTEM32\ncrypt.dll
0x00007fff27230000 - 0x00007fff2726f000 	C:\WINDOWS\SYSTEM32\NTASN1.dll
0x00007ffecd330000 - 0x00007ffecd338000 	C:\WINDOWS\system32\wshunix.dll
0x00007ffee5cd0000 - 0x00007ffee5cd9000 	C:\Users\Usuario\.vscode\extensions\redhat.java-1.54.0-win32-x64\jre\21.0.10-win32-x86_64\bin\extnet.dll
0x00007fff26330000 - 0x00007fff26456000 	C:\WINDOWS\SYSTEM32\DNSAPI.dll
0x00007fff1db20000 - 0x00007fff1db2b000 	C:\Windows\System32\rasadhlp.dll
0x00007fff217f0000 - 0x00007fff21876000 	C:\WINDOWS\System32\fwpuclnt.dll

JVMTI agents:
c:\Users\Usuario\.vscode\extensions\redhat.java-1.54.0-win32-x64\lombok\lombok-1.18.39-4050.jar path:c:\Users\Usuario\.vscode\extensions\redhat.java-1.54.0-win32-x64\jre\21.0.10-win32-x86_64\bin\instrument.dll, loaded, initialized, instrumentlib options:none

dbghelp: loaded successfully - version: 4.0.5 - missing functions: none
symbol engine: initialized successfully - sym options: 0x614 - pdb path: .;c:\Users\Usuario\.vscode\extensions\redhat.java-1.54.0-win32-x64\jre\21.0.10-win32-x86_64\bin;C:\WINDOWS\SYSTEM32;C:\WINDOWS\WinSxS\amd64_microsoft.windows.common-controls_6595b64144ccf1df_6.0.26100.6899_none_3e0efeeae32e88c1;c:\Users\Usuario\.vscode\extensions\redhat.java-1.54.0-win32-x64\jre\21.0.10-win32-x86_64\bin\server;C:\Users\Usuario\AppData\Roaming\Code\User\globalStorage\redhat.java\1.54.0\config_win\org.eclipse.equinox.launcher\org.eclipse.equinox.launcher.win32.win32.x86_64_1.3.0.v20260203-2149;C:\Users\Usuario\AppData\Local\Temp\jna-1531808526

VM Arguments:
jvm_args: --add-modules=ALL-SYSTEM --add-opens=java.base/java.util=ALL-UNNAMED --add-opens=java.base/java.lang=ALL-UNNAMED --add-opens=java.base/sun.nio.fs=ALL-UNNAMED -Declipse.application=org.eclipse.jdt.ls.core.id1 -Dosgi.bundles.defaultStartLevel=4 -Declipse.product=org.eclipse.jdt.ls.core.product -Djava.import.generatesMetadataFilesAtProjectRoot=false -DDetectVMInstallationsJob.disabled=true -Dfile.encoding=utf8 -XX:+UseParallelGC -XX:GCTimeRatio=4 -XX:AdaptiveSizePolicyWeight=90 -Dsun.zip.disableMemoryMapping=true -Xmx2G -Xms100m -Xlog:disable -javaagent:c:\Users\Usuario\.vscode\extensions\redhat.java-1.54.0-win32-x64\lombok\lombok-1.18.39-4050.jar -XX:+HeapDumpOnOutOfMemoryError -XX:HeapDumpPath=c:\Users\Usuario\AppData\Roaming\Code\User\workspaceStorage\ff323b52508a9ab547f9466bd36f4b43\redhat.java -Daether.dependencyCollector.impl=bf 
java_command: c:\Users\Usuario\.vscode\extensions\redhat.java-1.54.0-win32-x64\server\plugins\org.eclipse.equinox.launcher_1.7.100.v20251111-0406.jar -configuration c:\Users\Usuario\AppData\Roaming\Code\User\globalStorage\redhat.java\1.54.0\config_win -data c:\Users\Usuario\AppData\Roaming\Code\User\workspaceStorage\ff323b52508a9ab547f9466bd36f4b43\redhat.java\jdt_ws --pipe=\\.\pipe\lsp-a9f15c75f1a2cc84853cbb767f14ede6-sock
java_class_path (initial): c:\Users\Usuario\.vscode\extensions\redhat.java-1.54.0-win32-x64\server\plugins\org.eclipse.equinox.launcher_1.7.100.v20251111-0406.jar
Launcher Type: SUN_STANDARD

[Global flags]
    uintx AdaptiveSizePolicyWeight                 = 90                                        {product} {command line}
     intx CICompilerCount                          = 12                                        {product} {ergonomic}
    uintx GCTimeRatio                              = 4                                         {product} {command line}
     bool HeapDumpOnOutOfMemoryError               = true                                   {manageable} {command line}
    ccstr HeapDumpPath                             = c:\Users\Usuario\AppData\Roaming\Code\User\workspaceStorage\ff323b52508a9ab547f9466bd36f4b43\redhat.java         {manageable} {command line}
   size_t InitialHeapSize                          = 104857600                                 {product} {command line}
   size_t MaxHeapSize                              = 2147483648                                {product} {command line}
   size_t MaxNewSize                               = 715653120                                 {product} {ergonomic}
   size_t MinHeapDeltaBytes                        = 524288                                    {product} {ergonomic}
   size_t MinHeapSize                              = 104857600                                 {product} {command line}
   size_t NewSize                                  = 34603008                                  {product} {ergonomic}
    uintx NonNMethodCodeHeapSize                   = 7602480                                {pd product} {ergonomic}
    uintx NonProfiledCodeHeapSize                  = 122027880                              {pd product} {ergonomic}
   size_t OldSize                                  = 70254592                                  {product} {ergonomic}
    uintx ProfiledCodeHeapSize                     = 122027880                              {pd product} {ergonomic}
    uintx ReservedCodeCacheSize                    = 251658240                              {pd product} {ergonomic}
     bool SegmentedCodeCache                       = true                                      {product} {ergonomic}
   size_t SoftMaxHeapSize                          = 2147483648                             {manageable} {ergonomic}
     bool UseCompressedOops                        = true                           {product lp64_product} {ergonomic}
     bool UseLargePagesIndividualAllocation        = false                                  {pd product} {ergonomic}
     bool UseParallelGC                            = true                                      {product} {command line}

Logging:
Log output configuration:
 #0: stdout all=off uptime,level,tags foldmultilines=false
 #1: stderr all=off uptime,level,tags foldmultilines=false

Release file:
JAVA_VERSION="21.0.10" 
MODULES="java.base java.compiler java.datatransfer java.xml java.prefs java.desktop java.instrument java.logging java.management java.security.sasl java.naming java.rmi java.management.rmi java.net.http java.scripting java.security.jgss java.transaction.xa java.sql java.sql.rowset java.xml.crypto java.se java.smartcardio jdk.accessibility jdk.internal.jvmstat jdk.attach jdk.charsets jdk.internal.opt jdk.zipfs jdk.compiler jdk.crypto.ec jdk.crypto.cryptoki jdk.crypto.mscapi jdk.dynalink jdk.internal.ed jdk.editpad jdk.hotspot.agent jdk.httpserver jdk.internal.le jdk.internal.vm.ci jdk.internal.vm.compiler jdk.internal.vm.compiler.management jdk.jartool jdk.javadoc jdk.jcmd jdk.management jdk.management.agent jdk.jconsole jdk.jdeps jdk.jdwp.agent jdk.jdi jdk.jfr jdk.jshell jdk.jsobject jdk.jstatd jdk.localedata jdk.management.jfr jdk.naming.dns jdk.naming.rmi jdk.net jdk.nio.mapmode jdk.random jdk.sctp jdk.security.auth jdk.security.jgss jdk.unsupported jdk.unsupported.desktop jdk.xml.dom" 

Environment Variables:
PATH=C:\Users\Usuario\bin;C:\Program Files\Git\mingw64\bin;C:\Program Files\Git\usr\local\bin;C:\Program Files\Git\usr\bin;C:\Program Files\Git\usr\bin;C:\Program Files\Git\mingw64\bin;C:\Program Files\Git\usr\bin;C:\Users\Usuario\bin;C:\Program Files\Common Files\Oracle\Java\javapath;C:\Program Files (x86)\Common Files\Oracle\Java\java8path;C:\Program Files (x86)\Common Files\Oracle\Java\javapath;C:\Program Files\Eclipse Adoptium\jdk-21.0.7.6-hotspot\bin;C:\WINDOWS\system32;C:\WINDOWS;C:\WINDOWS\System32\Wbem;C:\WINDOWS\System32\WindowsPowerShell\v1.0;C:\WINDOWS\System32\OpenSSH;C:\Program Files\dotnet;C:\Program Files (x86)\Microsoft SQL Server\160\Tools\Binn;C:\Program Files\Microsoft SQL Server\160\Tools\Binn;C:\Program Files\Microsoft SQL Server\Client SDK\ODBC\170\Tools\Binn;C:\Program Files\Microsoft SQL Server\160\DTS\Binn;C:\Program Files (x86)\Microsoft SQL Server\160\DTS\Binn;%JAVA_HOME%\bin;C:\Program Files\Git\cmd;C:\Program Files (x86)\Maven\apache-maven-3.9.11\bin;C:\Program Files\Java\jdk-17\bin;C:\Program Files\nodejs;C:\Users\Usuario\AppData\Local\Programs\Python\Python313\Scripts;C:\Users\Usuario\AppData\Local\Programs\Python\Python313;C:\Users\Usuario\AppData\Local\Microsoft\WindowsApps;C:\Users\Usuario\AppData\Local\Programs\Microsoft VS Code\bin;C:\Users\Usuario\AppData\Roaming\npm;C:\Program Files\Git\usr\bin\vendor_perl;C:\Program Files\Git\usr\bin\core_perl
USERNAME=Usuario
SHELL=C:\Program Files\Git\usr\bin\bash.exe
DISPLAY=needs-to-be-defined
LC_CTYPE=es_MX.UTF-8
TERM=xterm
TMPDIR=C:\Users\Usuario\AppData\Local\Temp
OS=Windows_NT
PROCESSOR_IDENTIFIER=AMD64 Family 23 Model 104 Stepping 1, AuthenticAMD
TMP=C:\Users\Usuario\AppData\Local\Temp
TEMP=C:\Users\Usuario\AppData\Local\Temp




Periodic native trim disabled

---------------  S Y S T E M  ---------------

OS:
 Windows 11 , 64 bit Build 26100 (10.0.26100.6725)
OS uptime: 0 days 2:33 hours
Hyper-V role detected

CPU: total 16 (initial active 16) (16 cores per cpu, 2 threads per core) family 23 model 104 stepping 1 microcode 0x8608109, cx8, cmov, fxsr, ht, mmx, 3dnowpref, sse, sse2, sse3, ssse3, sse4a, sse4.1, sse4.2, popcnt, lzcnt, tsc, tscinvbit, avx, avx2, aes, clmul, bmi1, bmi2, adx, sha, fma, vzeroupper, clflush, clflushopt, hv, rdtscp, rdpid, f16c
Processor Information for the first 16 processors :
  Max Mhz: 1801, Current Mhz: 1801, Mhz Limit: 1801

Memory: 4k page, system-wide physical 7501M (641M free)
TotalPageFile size 30029M (AvailPageFile size 4M)
current process WorkingSet (physical memory assigned to process): 17M, peak: 1379M
current process commit charge ("private bytes"): 1705M, peak: 1709M

vm_info: OpenJDK 64-Bit Server VM (21.0.10+7-LTS) for windows-amd64 JRE (21.0.10+7-LTS), built on 2026-01-20T00:00:00Z by "admin" with MS VC++ 17.12 (VS2022)

END.
