#
# There is insufficient memory for the Java Runtime Environment to continue.
# Native memory allocation (mmap) failed to map 65536 bytes. Error detail: Failed to commit metaspace.
# Possible reasons:
#   The system is out of physical RAM or swap space
#   This process is running with CompressedOops enabled, and the Java Heap may be blocking the growth of the native heap
# Possible solutions:
#   Reduce memory load on the system
#   Increase physical memory or swap space
#   Check if swap backing store is full
#   Decrease Java heap size (-Xmx/-Xms)
#   Decrease number of Java threads
#   Decrease Java thread stack sizes (-Xss)
#   Set larger code cache with -XX:ReservedCodeCacheSize=
#   JVM is running with Unscaled Compressed Oops mode in which the Java heap is
#     placed in the first 4GB address space. The Java Heap base address is the
#     maximum limit for the native heap growth. Please use -XX:HeapBaseMinAddress
#     to set the Java Heap base and to place the Java Heap above 4GB virtual address.
# This output file may be truncated or incomplete.
#
#  Out of Memory Error (virtualSpaceNode.cpp:113), pid=17208, tid=12388
#
# JRE version: OpenJDK Runtime Environment Temurin-21.0.11+10 (21.0.11+10) (build 21.0.11+10-LTS)
# Java VM: OpenJDK 64-Bit Server VM Temurin-21.0.11+10 (21.0.11+10-LTS, mixed mode, sharing, tiered, compressed oops, compressed class ptrs, parallel gc, windows-amd64)
# No core dump will be written. Minidumps are not enabled by default on client versions of Windows
#

---------------  S U M M A R Y ------------

Command Line: --add-modules=ALL-SYSTEM --add-opens=java.base/java.util=ALL-UNNAMED --add-opens=java.base/java.lang=ALL-UNNAMED --add-opens=java.base/sun.nio.fs=ALL-UNNAMED -Declipse.application=org.eclipse.jdt.ls.core.id1 -Dosgi.bundles.defaultStartLevel=4 -Declipse.product=org.eclipse.jdt.ls.core.product -Djava.import.generatesMetadataFilesAtProjectRoot=false -DDetectVMInstallationsJob.disabled=true -Dfile.encoding=utf8 -XX:+UseParallelGC -XX:GCTimeRatio=4 -XX:AdaptiveSizePolicyWeight=90 -Dsun.zip.disableMemoryMapping=true -Xmx2G -Xms100m -Xlog:disable -javaagent:c:\Users\Usuario\.vscode\extensions\redhat.java-1.55.0-win32-x64\lombok\lombok-1.18.39-4050.jar -XX:+HeapDumpOnOutOfMemoryError -XX:HeapDumpPath=c:\Users\Usuario\AppData\Roaming\Code\User\workspaceStorage\ff323b52508a9ab547f9466bd36f4b43\redhat.java -Daether.dependencyCollector.impl=bf c:\Users\Usuario\.vscode\extensions\redhat.java-1.55.0-win32-x64\server\plugins\org.eclipse.equinox.launcher_1.7.200.v20260619-2039.jar -configuration c:\Users\Usuario\AppData\Roaming\Code\User\globalStorage\redhat.java\1.55.0\config_win -data c:\Users\Usuario\AppData\Roaming\Code\User\workspaceStorage\ff323b52508a9ab547f9466bd36f4b43\redhat.java\jdt_ws --pipe=\\.\pipe\lsp-f3319c214faa0495f0619131336e8b35-sock

Host: AMD Ryzen 7 5700U with Radeon Graphics         , 16 cores, 7G,  Windows 11 , 64 bit Build 26100 (10.0.26100.6725)
Time: Sun Jul  5 18:22:53 2026 Hora est嫕dar de Argentina elapsed time: 6.037788 seconds (0d 0h 0m 6s)

---------------  T H R E A D  ---------------

Current thread (0x00000240e0b7b410):  JavaThread "main"             [_thread_in_vm, id=12388, stack(0x00000097cc700000,0x00000097cc800000) (1024K)]

Stack: [0x00000097cc700000,0x00000097cc800000]
Native frames: (J=compiled Java code, j=interpreted, Vv=VM code, C=native code)
V  [jvm.dll+0x6d7e19]
V  [jvm.dll+0x8b5096]
V  [jvm.dll+0x8b764e]
V  [jvm.dll+0x8b7d33]
V  [jvm.dll+0x284596]
V  [jvm.dll+0x8b0dde]
V  [jvm.dll+0x6795e4]
V  [jvm.dll+0x1e849b]
V  [jvm.dll+0x1e825e]
V  [jvm.dll+0x67bee2]
V  [jvm.dll+0x67bd12]
V  [jvm.dll+0x679fbe]
V  [jvm.dll+0x26f864]
V  [jvm.dll+0x21a11f]
V  [jvm.dll+0x20f80e]
V  [jvm.dll+0x5b658f]
V  [jvm.dll+0x82f046]
V  [jvm.dll+0x478ec8]
V  [jvm.dll+0x47ecf8]
C  [java.dll+0x17ec]

Java frames: (J=compiled Java code, j=interpreted, Vv=VM code)
j  java.lang.ClassLoader.defineClass1(Ljava/lang/ClassLoader;Ljava/lang/String;[BIILjava/security/ProtectionDomain;Ljava/lang/String;)Ljava/lang/Class;+0 java.base@21.0.11
j  java.lang.ClassLoader.defineClass(Ljava/lang/String;[BIILjava/security/ProtectionDomain;)Ljava/lang/Class;+27 java.base@21.0.11
j  java.security.SecureClassLoader.defineClass(Ljava/lang/String;[BIILjava/security/CodeSource;)Ljava/lang/Class;+12 java.base@21.0.11
j  java.net.URLClassLoader.defineClass(Ljava/lang/String;Ljdk/internal/loader/Resource;)Ljava/lang/Class;+220 java.base@21.0.11
j  java.net.URLClassLoader$1.run()Ljava/lang/Class;+43 java.base@21.0.11
j  java.net.URLClassLoader$1.run()Ljava/lang/Object;+1 java.base@21.0.11
j  java.security.AccessController.executePrivileged(Ljava/security/PrivilegedExceptionAction;Ljava/security/AccessControlContext;Ljava/lang/Class;)Ljava/lang/Object;+29 java.base@21.0.11
j  java.security.AccessController.doPrivileged(Ljava/security/PrivilegedExceptionAction;Ljava/security/AccessControlContext;)Ljava/lang/Object;+13 java.base@21.0.11
j  java.net.URLClassLoader.findClass(Ljava/lang/String;)Ljava/lang/Class;+13 java.base@21.0.11
j  java.lang.ClassLoader.loadClass(Ljava/lang/String;Z)Ljava/lang/Class;+69 java.base@21.0.11
J 1067 c1 java.lang.ClassLoader.loadClass(Ljava/lang/String;)Ljava/lang/Class; java.base@21.0.11 (7 bytes) @ 0x00000240e3f2f854 [0x00000240e3f2f740+0x0000000000000114]
v  ~StubRoutines::call_stub 0x00000240eb1d100d
j  org.eclipse.osgi.internal.framework.EquinoxConfiguration.<init>(Ljava/util/Map;Lorg/eclipse/osgi/internal/hookregistry/HookRegistry;)V+148
j  org.eclipse.osgi.internal.framework.EquinoxContainer.<init>(Ljava/util/Map;Lorg/osgi/framework/connect/ModuleConnector;)V+82
j  org.eclipse.osgi.launch.Equinox.<init>(Ljava/util/Map;Lorg/osgi/framework/connect/ModuleConnector;)V+10
j  org.eclipse.osgi.launch.Equinox.<init>(Ljava/util/Map;)V+3
j  org.eclipse.core.runtime.adaptor.EclipseStarter.startup([Ljava/lang/String;Ljava/lang/Runnable;)Lorg/osgi/framework/BundleContext;+28
j  org.eclipse.core.runtime.adaptor.EclipseStarter.run([Ljava/lang/String;Ljava/lang/Runnable;)Ljava/lang/Object;+21
j  java.lang.invoke.DirectMethodHandle$Holder.invokeStatic(Ljava/lang/Object;Ljava/lang/Object;Ljava/lang/Object;)Ljava/lang/Object;+11 java.base@21.0.11
j  java.lang.invoke.LambdaForm$MH+0x000002408108a800.invoke(Ljava/lang/Object;Ljava/lang/Object;Ljava/lang/Object;Ljava/lang/Object;)Ljava/lang/Object;+54 java.base@21.0.11
j  java.lang.invoke.LambdaForm$MH+0x0000024081002c00.invokeExact_MT(Ljava/lang/Object;Ljava/lang/Object;Ljava/lang/Object;Ljava/lang/Object;Ljava/lang/Object;)Ljava/lang/Object;+22 java.base@21.0.11
j  jdk.internal.reflect.DirectMethodHandleAccessor.invokeImpl(Ljava/lang/Object;[Ljava/lang/Object;)Ljava/lang/Object;+72 java.base@21.0.11
j  jdk.internal.reflect.DirectMethodHandleAccessor.invoke(Ljava/lang/Object;[Ljava/lang/Object;)Ljava/lang/Object;+23 java.base@21.0.11
j  java.lang.reflect.Method.invoke(Ljava/lang/Object;[Ljava/lang/Object;)Ljava/lang/Object;+102 java.base@21.0.11
j  org.eclipse.equinox.launcher.Main.invokeFramework([Ljava/lang/String;[Ljava/net/URL;)V+155
j  org.eclipse.equinox.launcher.Main.basicRun([Ljava/lang/String;)V+191
j  org.eclipse.equinox.launcher.Main.run([Ljava/lang/String;)I+4
j  org.eclipse.equinox.launcher.Main.main([Ljava/lang/String;)V+10
v  ~StubRoutines::call_stub 0x00000240eb1d100d

Compiled method (c1) 6146 1067       3       java.lang.ClassLoader::loadClass (7 bytes)
 total in heap  [0x00000240e3f2f590,0x00000240e3f2f980] = 1008
 relocation     [0x00000240e3f2f6f0,0x00000240e3f2f730] = 64
 main code      [0x00000240e3f2f740,0x00000240e3f2f8d0] = 400
 stub code      [0x00000240e3f2f8d0,0x00000240e3f2f918] = 72
 metadata       [0x00000240e3f2f918,0x00000240e3f2f920] = 8
 scopes data    [0x00000240e3f2f920,0x00000240e3f2f938] = 24
 scopes pcs     [0x00000240e3f2f938,0x00000240e3f2f978] = 64
 dependencies   [0x00000240e3f2f978,0x00000240e3f2f980] = 8

[Constant Pool (empty)]

[MachCode]
[Entry Point]
  # {method} {0x00000240800143f0} 'loadClass' '(Ljava/lang/String;)Ljava/lang/Class;' in 'java/lang/ClassLoader'
  # this:     rdx:rdx   = 'java/lang/ClassLoader'
  # parm0:    r8:r8     = 'java/lang/String'
  #           [sp+0x40]  (sp of caller)
  0x00000240e3f2f740: 448b 5208 | 49bb 0000 | 0080 4002 | 0000 4d03 | d34c 3bd0 

  0x00000240e3f2f754: ;   {runtime_call ic_miss_stub}
  0x00000240e3f2f754: 0f85 26ed | 2e07 660f | 1f44 0000 
[Verified Entry Point]
  0x00000240e3f2f760: 8984 2400 | 80ff ff55 | 4883 ec30 | 4181 7f20 | 0100 0000 

  0x00000240e3f2f774: ;   {runtime_call StubRoutines (final stubs)}
  0x00000240e3f2f774: 7405 e865 

  0x00000240e3f2f778: ;   {metadata(method data for {method} {0x00000240800143f0} 'loadClass' '(Ljava/lang/String;)Ljava/lang/Class;' in 'java/lang/ClassLoader')}
  0x00000240e3f2f778: 922d 0749 | b928 632b | fb40 0200 | 0041 8bb1 | cc00 0000 | 83c6 0241 | 89b1 cc00 | 0000 81e6 
  0x00000240e3f2f798: fe07 0000 | 85f6 0f84 | cb00 0000 

  0x00000240e3f2f7a4: ;   {metadata(method data for {method} {0x00000240800143f0} 'loadClass' '(Ljava/lang/String;)Ljava/lang/Class;' in 'java/lang/ClassLoader')}
  0x00000240e3f2f7a4: 4c8b ca48 | be28 632b | fb40 0200 | 0045 8b49 | 0849 ba00 | 0000 8040 | 0200 004d | 03ca 4c3b 
  0x00000240e3f2f7c4: 8e20 0100 | 0075 0d48 | 8386 2801 | 0000 01e9 | 6000 0000 | 4c3b 8e30 | 0100 0075 | 0d48 8386 
  0x00000240e3f2f7e4: 3801 0000 | 01e9 4a00 | 0000 4883 | be20 0100 | 0000 7517 | 4c89 8e20 | 0100 0048 | c786 2801 
  0x00000240e3f2f804: 0000 0100 | 0000 e929 | 0000 0048 | 83be 3001 | 0000 0075 | 174c 898e | 3001 0000 | 48c7 8638 
  0x00000240e3f2f824: 0100 0001 | 0000 00e9 | 0800 0000 | 4883 8610 | 0100 0001 | 41b9 0000 | 0000 0f1f | 8000 0000 
  0x00000240e3f2f844: 0048 b8a0 | 5a81 fa40 

  0x00000240e3f2f84c: ;   {virtual_call}
  0x00000240e3f2f84c: 0200 00e8 

  0x00000240e3f2f850: ; ImmutableOopMap {}
                      ;*invokevirtual loadClass {reexecute=0 rethrow=0 return_oop=0}
                      ; - java.lang.ClassLoader::loadClass@3
  0x00000240e3f2f850: e59c 2e07 

  0x00000240e3f2f854: ;   {other}
  0x00000240e3f2f854: 0f1f 8400 | c402 0000 | 4883 c430 

  0x00000240e3f2f860: ;   {poll_return}
  0x00000240e3f2f860: 5d49 3ba7 | 5004 0000 | 0f87 2200 

  0x00000240e3f2f86c: ;   {metadata({method} {0x00000240800143f0} 'loadClass' '(Ljava/lang/String;)Ljava/lang/Class;' in 'java/lang/ClassLoader')}
  0x00000240e3f2f86c: 0000 c349 | bae8 4301 | 8040 0200 | 004c 8954 | 2408 48c7 | 0424 ffff 

  0x00000240e3f2f884: ;   {runtime_call counter_overflow Runtime1 stub}
  0x00000240e3f2f884: ffff e875 

  0x00000240e3f2f888: ; ImmutableOopMap {rdx=Oop r8=Oop }
                      ;*synchronization entry
                      ; - java.lang.ClassLoader::loadClass@-1
  0x00000240e3f2f888: 303a 07e9 | 14ff ffff 

  0x00000240e3f2f890: ;   {internal_word}
  0x00000240e3f2f890: 49ba 61f8 | f2e3 4002 | 0000 4d89 | 9768 0400 

  0x00000240e3f2f8a0: ;   {runtime_call SafepointBlob}
  0x00000240e3f2f8a0: 00e9 5a52 | 2f07 498b | 8700 0500 | 0049 c787 | 0005 0000 | 0000 0000 | 49c7 8708 | 0500 0000 
  0x00000240e3f2f8c0: 0000 0048 | 83c4 305d 

  0x00000240e3f2f8c8: ;   {runtime_call unwind_exception Runtime1 stub}
  0x00000240e3f2f8c8: e933 ca39 | 07f4 f4f4 
[Stub Code]
  0x00000240e3f2f8d0: ;   {no_reloc}
  0x00000240e3f2f8d0: 0f1f 4400 

  0x00000240e3f2f8d4: ;   {static_stub}
  0x00000240e3f2f8d4: 0048 bb00 | 0000 0000 

  0x00000240e3f2f8dc: ;   {runtime_call nmethod}
  0x00000240e3f2f8dc: 0000 00e9 | fbff ffff 
[Exception Handler]
  0x00000240e3f2f8e4: ;   {runtime_call handle_exception_from_callee Runtime1 stub}
  0x00000240e3f2f8e4: e817 f739 

  0x00000240e3f2f8e8: ;   {external_word}
  0x00000240e3f2f8e8: 0748 b940 | 63ff 55ff | 7f00 0048 

  0x00000240e3f2f8f4: ;   {runtime_call}
  0x00000240e3f2f8f4: 83e4 f048 | b8d0 c4c1 | 55ff 7f00 | 00ff d0f4 
[Deopt Handler Code]
  0x00000240e3f2f904: ;   {section_word}
  0x00000240e3f2f904: 49ba 04f9 | f2e3 4002 | 0000 4152 

  0x00000240e3f2f910: ;   {runtime_call DeoptimizationBlob}
  0x00000240e3f2f910: e98b 442f | 07f4 f4f4 
[/MachCode]


---------------  P R O C E S S  ---------------

Threads class SMR info:
_java_thread_list=0x00000240f8f1fda0, length=13, elements={
0x00000240e0b7b410, 0x00000240f762e1e0, 0x00000240f8c056d0, 0x00000240f8c0a860,
0x00000240f8c0b4c0, 0x00000240f8c0e4e0, 0x00000240f8c12390, 0x00000240f8c24ea0,
0x00000240f8c27d10, 0x00000240f8ef34a0, 0x00000240f8f7b050, 0x00000240fa3938e0,
0x00000240fa38f510
}

Java Threads: ( => current thread )
=>0x00000240e0b7b410 JavaThread "main"                              [_thread_in_vm, id=12388, stack(0x00000097cc700000,0x00000097cc800000) (1024K)]
  0x00000240f762e1e0 JavaThread "Reference Handler"          daemon [_thread_blocked, id=26268, stack(0x00000097ccb00000,0x00000097ccc00000) (1024K)]
  0x00000240f8c056d0 JavaThread "Finalizer"                  daemon [_thread_blocked, id=27656, stack(0x00000097ccc00000,0x00000097ccd00000) (1024K)]
  0x00000240f8c0a860 JavaThread "Signal Dispatcher"          daemon [_thread_blocked, id=20296, stack(0x00000097ccd00000,0x00000097cce00000) (1024K)]
  0x00000240f8c0b4c0 JavaThread "Attach Listener"            daemon [_thread_blocked, id=26544, stack(0x00000097cce00000,0x00000097ccf00000) (1024K)]
  0x00000240f8c0e4e0 JavaThread "Service Thread"             daemon [_thread_blocked, id=20424, stack(0x00000097ccf00000,0x00000097cd000000) (1024K)]
  0x00000240f8c12390 JavaThread "Monitor Deflation Thread"   daemon [_thread_blocked, id=21752, stack(0x00000097cd000000,0x00000097cd100000) (1024K)]
  0x00000240f8c24ea0 JavaThread "C2 CompilerThread0"         daemon [_thread_blocked, id=25780, stack(0x00000097cd100000,0x00000097cd200000) (1024K)]
  0x00000240f8c27d10 JavaThread "C1 CompilerThread0"         daemon [_thread_blocked, id=23312, stack(0x00000097cd200000,0x00000097cd300000) (1024K)]
  0x00000240f8ef34a0 JavaThread "Common-Cleaner"             daemon [_thread_blocked, id=3508, stack(0x00000097cd600000,0x00000097cd700000) (1024K)]
  0x00000240f8f7b050 JavaThread "Notification Thread"        daemon [_thread_blocked, id=23648, stack(0x00000097cd300000,0x00000097cd400000) (1024K)]
  0x00000240fa3938e0 JavaThread "C2 CompilerThread1"         daemon [_thread_blocked, id=8940, stack(0x00000097cd400000,0x00000097cd500000) (1024K)]
  0x00000240fa38f510 JavaThread "C1 CompilerThread1"         daemon [_thread_blocked, id=24080, stack(0x00000097cd500000,0x00000097cd600000) (1024K)]
Total: 13

Other Threads:
  0x00000240f7614930 VMThread "VM Thread"                           [id=21220, stack(0x00000097cca00000,0x00000097ccb00000) (1024K)] _threads_hazard_ptr=0x00000240f8f1fda0
  0x00000240f750ca00 WatcherThread "VM Periodic Task Thread"        [id=24824, stack(0x00000097cc900000,0x00000097cca00000) (1024K)]
  0x00000240e0b9a680 WorkerThread "GC Thread#0"                     [id=23464, stack(0x00000097cc800000,0x00000097cc900000) (1024K)]
  0x00000240fa824420 WorkerThread "GC Thread#1"                     [id=9496, stack(0x00000097cd700000,0x00000097cd800000) (1024K)]
  0x00000240fa824bd0 WorkerThread "GC Thread#2"                     [id=2700, stack(0x00000097cd800000,0x00000097cd900000) (1024K)]
  0x00000240fa6b21c0 WorkerThread "GC Thread#3"                     [id=26416, stack(0x00000097cd900000,0x00000097cda00000) (1024K)]
  0x00000240fa6b2570 WorkerThread "GC Thread#4"                     [id=20072, stack(0x00000097cda00000,0x00000097cdb00000) (1024K)]
  0x00000240fa6b2920 WorkerThread "GC Thread#5"                     [id=2812, stack(0x00000097cdb00000,0x00000097cdc00000) (1024K)]
  0x00000240fa8215a0 WorkerThread "GC Thread#6"                     [id=11888, stack(0x00000097cdc00000,0x00000097cdd00000) (1024K)]
Total: 9

Threads with active compile tasks:
Total: 0

VM state: synchronizing (normal execution)

VM Mutex/Monitor currently owned by a thread:  ([mutex/lock_event])
[0x00007fff562ad4f0] Metaspace_lock - owner thread: 0x00000240e0b7b410
[0x00007fff562af570] Threads_lock - owner thread: 0x00000240f7614930

Heap address: 0x0000000080000000, size: 2048 MB, Compressed Oops mode: 32-bit

CDS archive(s) mapped at: [0x0000024080000000-0x0000024080ba0000-0x0000024080ba0000), size 12189696, SharedBaseAddress: 0x0000024080000000, ArchiveRelocationMode: 1.
Compressed class space mapped at: 0x0000024081000000-0x00000240c1000000, reserved size: 1073741824
Narrow klass base: 0x0000024080000000, Narrow klass shift: 0, Narrow klass range: 0x100000000

GC Precious Log:
 CardTable entry size: 512
 CPUs: 16 total, 16 available
 Memory: 7501M
 Large Page Support: Disabled
 NUMA Support: Disabled
 Compressed Oops: Enabled (32-bit)
 Alignments: Space 512K, Generation 512K, Heap 2M
 Heap Min Capacity: 100M
 Heap Initial Capacity: 100M
 Heap Max Capacity: 2G
 Pre-touch: Disabled
 Parallel Workers: 13

Heap:
 PSYoungGen      total 29696K, used 6534K [0x00000000d5580000, 0x00000000d7680000, 0x0000000100000000)
  eden space 25600K, 12% used [0x00000000d5580000,0x00000000d589cd98,0x00000000d6e80000)
  from space 4096K, 81% used [0x00000000d6e80000,0x00000000d71c4b78,0x00000000d7280000)
  to   space 4096K, 0% used [0x00000000d7280000,0x00000000d7280000,0x00000000d7680000)
 ParOldGen       total 68608K, used 8K [0x0000000080000000, 0x0000000084300000, 0x00000000d5580000)
  object space 68608K, 0% used [0x0000000080000000,0x0000000080002000,0x0000000084300000)
 Metaspace       used 4446K, committed 4672K, reserved 1114112K
  class space    used 478K, committed 576K, reserved 1048576K

Card table byte_map: [0x00000240e0520000,0x00000240e0930000] _byte_map_base: 0x00000240e0120000

Marking Bits: (ParMarkBitMap*) 0x00007fff562b4460
 Begin Bits: [0x00000240f3030000, 0x00000240f5030000)
 End Bits:   [0x00000240f5030000, 0x00000240f7030000)

Polling page: 0x00000240e01d0000

Metaspace:

Usage:
  Non-class:      3.88 MB used.
      Class:    478.09 KB used.
       Both:      4.34 MB used.

Virtual space:
  Non-class space:       64.00 MB reserved,       4.00 MB (  6%) committed,  1 nodes.
      Class space:        1.00 GB reserved,     576.00 KB ( <1%) committed,  1 nodes.
             Both:        1.06 GB reserved,       4.56 MB ( <1%) committed. 

Chunk freelists:
   Non-Class:  11.11 MB
       Class:  15.44 MB
        Both:  26.55 MB

MaxMetaspaceSize: unlimited
CompressedClassSpaceSize: 1.00 GB
Initial GC threshold: 21.00 MB
Current GC threshold: 21.00 MB
CDS: on
 - commit_granule_bytes: 65536.
 - commit_granule_words: 8192.
 - virtual_space_node_default_size: 8388608.
 - enlarge_chunks_in_place: 1.
 - use_allocation_guard: 0.


Internal statistics:

num_allocs_failed_limit: 0.
num_arena_births: 184.
num_arena_deaths: 0.
num_vsnodes_births: 2.
num_vsnodes_deaths: 0.
num_space_committed: 73.
num_space_uncommitted: 0.
num_chunks_returned_to_freelist: 0.
num_chunks_taken_from_freelist: 252.
num_chunk_merges: 0.
num_chunk_splits: 161.
num_chunks_enlarged: 92.
num_inconsistent_stats: 0.

CodeHeap 'non-profiled nmethods': size=119168Kb used=452Kb max_used=452Kb free=118715Kb
 bounds [0x00000240eb920000, 0x00000240ebb90000, 0x00000240f2d80000]
CodeHeap 'profiled nmethods': size=119104Kb used=1866Kb max_used=1866Kb free=117237Kb
 bounds [0x00000240e3d80000, 0x00000240e3ff0000, 0x00000240eb1d0000]
CodeHeap 'non-nmethods': size=7488Kb used=1757Kb max_used=2864Kb free=5730Kb
 bounds [0x00000240eb1d0000, 0x00000240eb4a0000, 0x00000240eb920000]
CodeCache: size=245760Kb, used=4075Kb, max_used=5182Kb, free=241682Kb
 total_blobs=1608, nmethods=1152, adapters=362, full_count=0
Compilation: enabled, stopped_count=0, restarted_count=0

Compilation events (20 events):
Event: 2.949 Thread 0x00000240f8c24ea0 nmethod 1131% 0x00000240eb988a90 code [0x00000240eb988c40, 0x00000240eb988fb8]
Event: 2.949 Thread 0x00000240f8c24ea0 1140       4       java.util.HashMap::put (13 bytes)
Event: 2.951 Thread 0x00000240fa38f510 1149       3       java.util.ArrayDeque::pollFirst (36 bytes)
Event: 2.951 Thread 0x00000240fa38f510 nmethod 1149 0x00000240e3f51110 code [0x00000240e3f512e0, 0x00000240e3f51690]
Event: 2.962 Thread 0x00000240fa38f510 1150       1       java.util.Collections$EmptyIterator::hasNext (2 bytes)
Event: 2.963 Thread 0x00000240fa38f510 nmethod 1150 0x00000240eb989210 code [0x00000240eb9893a0, 0x00000240eb989468]
Event: 2.968 Thread 0x00000240fa38f510 1151       1       java.util.zip.ZipEntry::getSize (5 bytes)
Event: 2.968 Thread 0x00000240fa38f510 nmethod 1151 0x00000240eb989510 code [0x00000240eb9896a0, 0x00000240eb989768]
Event: 3.988 Thread 0x00000240f8c24ea0 nmethod 1140 0x00000240eb989810 code [0x00000240eb989a80, 0x00000240eb98a648]
Event: 4.004 Thread 0x00000240f8c24ea0 1127 %     4       jdk.internal.util.ArraysSupport::hashCode @ 8 (33 bytes)
Event: 4.004 Thread 0x00000240fa38f510 1152       3       java.lang.StringBuilder::<init> (6 bytes)
Event: 4.004 Thread 0x00000240f8c27d10 1153       3       java.lang.AbstractStringBuilder::<init> (63 bytes)
Event: 4.005 Thread 0x00000240fa38f510 nmethod 1152 0x00000240e3f51810 code [0x00000240e3f519c0, 0x00000240e3f51af8]
Event: 4.005 Thread 0x00000240fa38f510 1154       3       java.lang.StringBuilder::append (6 bytes)
Event: 4.005 Thread 0x00000240fa38f510 nmethod 1154 0x00000240e3f51b90 code [0x00000240e3f51d40, 0x00000240e3f51ef0]
Event: 4.005 Thread 0x00000240f8c27d10 nmethod 1153 0x00000240e3f52010 code [0x00000240e3f52220, 0x00000240e3f52888]
Event: 4.011 Thread 0x00000240f8c24ea0 nmethod 1127% 0x00000240eb98af10 code [0x00000240eb98b0a0, 0x00000240eb98b318]
Event: 4.011 Thread 0x00000240f8c24ea0 1143       4       java.lang.AbstractStringBuilder::append (77 bytes)
Event: 4.017 Thread 0x00000240f8c24ea0 nmethod 1143 0x00000240eb98b410 code [0x00000240eb98b5e0, 0x00000240eb98bb60]
Event: 4.040 Thread 0x00000240fa3938e0 nmethod 1105 0x00000240eb98be10 code [0x00000240eb98c240, 0x00000240eb98ef20]

GC Heap History (2 events):
Event: 2.879 GC heap before
{Heap before GC invocations=1 (full 0):
 PSYoungGen      total 29696K, used 25577K [0x00000000d5580000, 0x00000000d7680000, 0x0000000100000000)
  eden space 25600K, 99% used [0x00000000d5580000,0x00000000d6e7a568,0x00000000d6e80000)
  from space 4096K, 0% used [0x00000000d7280000,0x00000000d7280000,0x00000000d7680000)
  to   space 4096K, 0% used [0x00000000d6e80000,0x00000000d6e80000,0x00000000d7280000)
 ParOldGen       total 68608K, used 0K [0x0000000080000000, 0x0000000084300000, 0x00000000d5580000)
  object space 68608K, 0% used [0x0000000080000000,0x0000000080000000,0x0000000084300000)
 Metaspace       used 4171K, committed 4416K, reserved 1114112K
  class space    used 454K, committed 576K, reserved 1048576K
}
Event: 2.898 GC heap after
{Heap after GC invocations=1 (full 0):
 PSYoungGen      total 29696K, used 3346K [0x00000000d5580000, 0x00000000d7680000, 0x0000000100000000)
  eden space 25600K, 0% used [0x00000000d5580000,0x00000000d5580000,0x00000000d6e80000)
  from space 4096K, 81% used [0x00000000d6e80000,0x00000000d71c4b78,0x00000000d7280000)
  to   space 4096K, 0% used [0x00000000d7280000,0x00000000d7280000,0x00000000d7680000)
 ParOldGen       total 68608K, used 8K [0x0000000080000000, 0x0000000084300000, 0x00000000d5580000)
  object space 68608K, 0% used [0x0000000080000000,0x0000000080002000,0x0000000084300000)
 Metaspace       used 4171K, committed 4416K, reserved 1114112K
  class space    used 454K, committed 576K, reserved 1048576K
}

Dll operation events (8 events):
Event: 0.020 Loaded shared library c:\Users\Usuario\.vscode\extensions\redhat.java-1.55.0-win32-x64\jre\21.0.11-win32-x86_64\bin\java.dll
Event: 0.190 Loaded shared library c:\Users\Usuario\.vscode\extensions\redhat.java-1.55.0-win32-x64\jre\21.0.11-win32-x86_64\bin\zip.dll
Event: 0.233 Loaded shared library C:\Users\Usuario\.vscode\extensions\redhat.java-1.55.0-win32-x64\jre\21.0.11-win32-x86_64\bin\instrument.dll
Event: 0.245 Loaded shared library C:\Users\Usuario\.vscode\extensions\redhat.java-1.55.0-win32-x64\jre\21.0.11-win32-x86_64\bin\net.dll
Event: 0.250 Loaded shared library C:\Users\Usuario\.vscode\extensions\redhat.java-1.55.0-win32-x64\jre\21.0.11-win32-x86_64\bin\nio.dll
Event: 0.257 Loaded shared library C:\Users\Usuario\.vscode\extensions\redhat.java-1.55.0-win32-x64\jre\21.0.11-win32-x86_64\bin\zip.dll
Event: 0.321 Loaded shared library C:\Users\Usuario\.vscode\extensions\redhat.java-1.55.0-win32-x64\jre\21.0.11-win32-x86_64\bin\jimage.dll
Event: 0.527 Loaded shared library c:\Users\Usuario\.vscode\extensions\redhat.java-1.55.0-win32-x64\jre\21.0.11-win32-x86_64\bin\verify.dll

Deoptimization events (20 events):
Event: 2.937 Thread 0x00000240e0b7b410 Uncommon trap: trap_request=0xffffffde fr.pc=0x00000240eb97c174 relative=0x00000000000009f4
Event: 2.937 Thread 0x00000240e0b7b410 Uncommon trap: reason=class_check action=maybe_recompile pc=0x00000240eb97c174 method=java.util.HashMap.putVal(ILjava/lang/Object;Ljava/lang/Object;ZZ)Ljava/lang/Object; @ 203 c2
Event: 2.937 Thread 0x00000240e0b7b410 DEOPT PACKING pc=0x00000240eb97c174 sp=0x00000097cc7fe620
Event: 2.937 Thread 0x00000240e0b7b410 DEOPT UNPACKING pc=0x00000240eb223aa2 sp=0x00000097cc7fe548 mode 2
Event: 2.937 Thread 0x00000240e0b7b410 Uncommon trap: trap_request=0xffffffde fr.pc=0x00000240eb97c174 relative=0x00000000000009f4
Event: 2.937 Thread 0x00000240e0b7b410 Uncommon trap: reason=class_check action=maybe_recompile pc=0x00000240eb97c174 method=java.util.HashMap.putVal(ILjava/lang/Object;Ljava/lang/Object;ZZ)Ljava/lang/Object; @ 203 c2
Event: 2.937 Thread 0x00000240e0b7b410 DEOPT PACKING pc=0x00000240eb97c174 sp=0x00000097cc7fe620
Event: 2.937 Thread 0x00000240e0b7b410 DEOPT UNPACKING pc=0x00000240eb223aa2 sp=0x00000097cc7fe548 mode 2
Event: 2.978 Thread 0x00000240e0b7b410 Uncommon trap: trap_request=0xffffffde fr.pc=0x00000240eb976770 relative=0x0000000000000550
Event: 2.978 Thread 0x00000240e0b7b410 Uncommon trap: reason=class_check action=maybe_recompile pc=0x00000240eb976770 method=java.util.Collections$UnmodifiableCollection$1.<init>(Ljava/util/Collections$UnmodifiableCollection;)V @ 17 c2
Event: 2.978 Thread 0x00000240e0b7b410 DEOPT PACKING pc=0x00000240eb976770 sp=0x00000097cc7fee40
Event: 3.988 Thread 0x00000240e0b7b410 DEOPT UNPACKING pc=0x00000240eb223aa2 sp=0x00000097cc7fed88 mode 2
Event: 4.004 Thread 0x00000240e0b7b410 Uncommon trap: trap_request=0xffffffc6 fr.pc=0x00000240eb959f50 relative=0x0000000000000290
Event: 4.004 Thread 0x00000240e0b7b410 Uncommon trap: reason=bimorphic_or_optimized_type_check action=maybe_recompile pc=0x00000240eb959f50 method=java.util.Collections$UnmodifiableCollection$1.next()Ljava/lang/Object; @ 4 c2
Event: 4.004 Thread 0x00000240e0b7b410 DEOPT PACKING pc=0x00000240eb959f50 sp=0x00000097cc7fee50
Event: 4.004 Thread 0x00000240e0b7b410 DEOPT UNPACKING pc=0x00000240eb223aa2 sp=0x00000097cc7fee00 mode 2
Event: 4.004 Thread 0x00000240e0b7b410 Uncommon trap: trap_request=0xffffffc6 fr.pc=0x00000240eb959f50 relative=0x0000000000000290
Event: 4.004 Thread 0x00000240e0b7b410 Uncommon trap: reason=bimorphic_or_optimized_type_check action=maybe_recompile pc=0x00000240eb959f50 method=java.util.Collections$UnmodifiableCollection$1.next()Ljava/lang/Object; @ 4 c2
Event: 4.004 Thread 0x00000240e0b7b410 DEOPT PACKING pc=0x00000240eb959f50 sp=0x00000097cc7fee50
Event: 4.004 Thread 0x00000240e0b7b410 DEOPT UNPACKING pc=0x00000240eb223aa2 sp=0x00000097cc7fee00 mode 2

Classes loaded (20 events):
Event: 2.912 Loading class sun/util/logging/PlatformLogger
Event: 2.912 Loading class sun/util/logging/PlatformLogger done
Event: 2.912 Loading class sun/util/logging/PlatformLogger$Level
Event: 2.913 Loading class sun/util/logging/PlatformLogger$Level done
Event: 2.929 Loading class java/io/BufferedReader
Event: 2.930 Loading class java/io/BufferedReader done
Event: 2.930 Loading class sun/nio/cs/StreamDecoder
Event: 2.931 Loading class sun/nio/cs/StreamDecoder done
Event: 2.931 Loading class sun/nio/cs/UTF_8$Decoder
Event: 2.931 Loading class sun/nio/cs/UTF_8$Decoder done
Event: 2.953 Loading class java/util/UUID
Event: 2.954 Loading class java/util/UUID done
Event: 2.954 Loading class java/util/concurrent/atomic/AtomicBoolean
Event: 2.954 Loading class java/util/concurrent/atomic/AtomicBoolean done
Event: 2.954 Loading class java/lang/invoke/VarHandleInts$FieldInstanceReadWrite
Event: 2.954 Loading class java/lang/invoke/VarHandleInts$FieldInstanceReadOnly
Event: 2.954 Loading class java/lang/invoke/VarHandleInts$FieldInstanceReadOnly done
Event: 2.954 Loading class java/lang/invoke/VarHandleInts$FieldInstanceReadWrite done
Event: 2.970 Loading class java/nio/file/FileVisitor
Event: 2.970 Loading class java/nio/file/FileVisitor done

Classes unloaded (0 events):
No events

Classes redefined (0 events):
No events

Internal exceptions (20 events):
Event: 0.565 Thread 0x00000240e0b7b410 Exception <a 'java/lang/NoSuchMethodError'{0x00000000d5d53380}: 'void java.lang.invoke.DelegatingMethodHandle$Holder.reinvoke_L(java.lang.Object, java.lang.Object, java.lang.Object, int)'> (0x00000000d5d53380) 
thrown [s\src\hotspot\share\interpreter\linkResolver.cpp, line 773]
Event: 1.881 Thread 0x00000240e0b7b410 Exception <a 'java/lang/NoSuchMethodError'{0x00000000d6260ac0}: 'void java.lang.invoke.DirectMethodHandle$Holder.invokeVirtual(java.lang.Object, java.lang.Object)'> (0x00000000d6260ac0) 
thrown [s\src\hotspot\share\interpreter\linkResolver.cpp, line 773]
Event: 2.197 Thread 0x00000240e0b7b410 Exception <a 'java/lang/NoSuchMethodError'{0x00000000d664adb0}: 'void java.lang.invoke.DirectMethodHandle$Holder.invokeStatic(java.lang.Object, java.lang.Object)'> (0x00000000d664adb0) 
thrown [s\src\hotspot\share\interpreter\linkResolver.cpp, line 773]
Event: 2.209 Thread 0x00000240e0b7b410 Exception <a 'java/lang/ClassNotFoundException'{0x00000000d6672ea8}: sun/net/www/protocol/c/Handler> (0x00000000d6672ea8) 
thrown [s\src\hotspot\share\classfile\systemDictionary.cpp, line 313]
Event: 2.280 Thread 0x00000240e0b7b410 Exception <a 'java/io/FileNotFoundException'{0x00000000d66d1780}> (0x00000000d66d1780) 
thrown [s\src\hotspot\share\prims\jni.cpp, line 520]
Event: 2.281 Thread 0x00000240e0b7b410 Exception <a 'java/io/FileNotFoundException'{0x00000000d66d2ae8}> (0x00000000d66d2ae8) 
thrown [s\src\hotspot\share\prims\jni.cpp, line 520]
Event: 2.281 Thread 0x00000240e0b7b410 Exception <a 'java/io/FileNotFoundException'{0x00000000d66d37a8}> (0x00000000d66d37a8) 
thrown [s\src\hotspot\share\prims\jni.cpp, line 520]
Event: 2.282 Thread 0x00000240e0b7b410 Exception <a 'java/io/FileNotFoundException'{0x00000000d66d4348}> (0x00000000d66d4348) 
thrown [s\src\hotspot\share\prims\jni.cpp, line 520]
Event: 2.298 Thread 0x00000240e0b7b410 Implicit null exception at 0x00000240eb951324 to 0x00000240eb9518b8
Event: 2.298 Thread 0x00000240e0b7b410 Implicit null exception at 0x00000240eb952ea0 to 0x00000240eb953424
Event: 2.303 Thread 0x00000240e0b7b410 Exception <a 'java/io/FileNotFoundException'{0x00000000d670e520}> (0x00000000d670e520) 
thrown [s\src\hotspot\share\prims\jni.cpp, line 520]
Event: 2.336 Thread 0x00000240e0b7b410 Exception <a 'java/lang/NoSuchMethodError'{0x00000000d674a528}: 'java.lang.Object java.lang.invoke.DirectMethodHandle$Holder.invokeInterface(java.lang.Object, java.lang.Object)'> (0x00000000d674a528) 
thrown [s\src\hotspot\share\interpreter\linkResolver.cpp, line 773]
Event: 2.350 Thread 0x00000240e0b7b410 Exception <a 'java/lang/NoSuchMethodError'{0x00000000d675e050}: 'java.lang.Object java.lang.invoke.Invokers$Holder.invokeExact_MT(java.lang.Object, java.lang.Object, java.lang.Object, java.lang.Object, java.lang.Object, java.lang.Object)'> (0x00000000d675e050) 
thrown [s\src\hotspot\share\interpreter\linkResolver.cpp, line 773]
Event: 2.364 Thread 0x00000240e0b7b410 Exception <a 'java/lang/NoSuchMethodError'{0x00000000d6775128}: 'int java.lang.invoke.DirectMethodHandle$Holder.invokeStatic(java.lang.Object, java.lang.Object, java.lang.Object, java.lang.Object, java.lang.Object)'> (0x00000000d6775128) 
thrown [s\src\hotspot\share\interpreter\linkResolver.cpp, line 773]
Event: 2.422 Thread 0x00000240e0b7b410 Exception <a 'java/lang/NoSuchMethodError'{0x00000000d680aae8}: 'java.lang.Object java.lang.invoke.DirectMethodHandle$Holder.invokeInterface(java.lang.Object, java.lang.Object, int)'> (0x00000000d680aae8) 
thrown [s\src\hotspot\share\interpreter\linkResolver.cpp, line 773]
Event: 2.788 Thread 0x00000240e0b7b410 Exception <a 'java/lang/NoSuchMethodError'{0x00000000d6c75b38}: 'java.lang.ClassLoader java.lang.ClassLoader.getPlatformClassLoader(java.lang.Class)'> (0x00000000d6c75b38) 
thrown [s\src\hotspot\share\interpreter\linkResolver.cpp, line 773]
Event: 2.962 Thread 0x00000240e0b7b410 Exception <a 'java/lang/ClassNotFoundException'{0x00000000d57eb440}: sun/net/www/protocol/c/Handler> (0x00000000d57eb440) 
thrown [s\src\hotspot\share\classfile\systemDictionary.cpp, line 313]
Event: 2.963 Thread 0x00000240e0b7b410 Exception <a 'java/lang/ClassNotFoundException'{0x00000000d57ec7b8}: sun/net/www/protocol/c/Handler> (0x00000000d57ec7b8) 
thrown [s\src\hotspot\share\classfile\systemDictionary.cpp, line 313]
Event: 2.964 Thread 0x00000240e0b7b410 Exception <a 'java/lang/ClassNotFoundException'{0x00000000d57ed950}: sun/net/www/protocol/c/Handler> (0x00000000d57ed950) 
thrown [s\src\hotspot\share\classfile\systemDictionary.cpp, line 313]
Event: 2.978 Thread 0x00000240e0b7b410 Exception <a 'java/io/FileNotFoundException'{0x00000000d5816e30}> (0x00000000d5816e30) 
thrown [s\src\hotspot\share\prims\jni.cpp, line 520]

ZGC Phase Switch (0 events):
No events

VM Operations (17 events):
Event: 0.187 Executing non-safepoint VM operation: HandshakeAllThreads (Deoptimize)
Event: 0.187 Executing non-safepoint VM operation: HandshakeAllThreads (Deoptimize) done
Event: 0.356 Executing non-safepoint VM operation: HandshakeAllThreads (Deoptimize)
Event: 0.356 Executing non-safepoint VM operation: HandshakeAllThreads (Deoptimize) done
Event: 1.369 Executing safepoint VM operation: Cleanup
Event: 1.370 Executing safepoint VM operation: Cleanup done
Event: 2.140 Executing non-safepoint VM operation: HandshakeAllThreads (Deoptimize)
Event: 2.140 Executing non-safepoint VM operation: HandshakeAllThreads (Deoptimize) done
Event: 2.187 Executing non-safepoint VM operation: HandshakeAllThreads (Deoptimize)
Event: 2.187 Executing non-safepoint VM operation: HandshakeAllThreads (Deoptimize) done
Event: 2.878 Executing safepoint VM operation: ParallelGCFailedAllocation (Allocation Failure)
Event: 2.898 Executing safepoint VM operation: ParallelGCFailedAllocation (Allocation Failure) done
Event: 2.932 Executing non-safepoint VM operation: HandshakeAllThreads (Deoptimize)
Event: 2.932 Executing non-safepoint VM operation: HandshakeAllThreads (Deoptimize) done
Event: 3.943 Executing safepoint VM operation: Cleanup
Event: 4.004 Executing safepoint VM operation: Cleanup done
Event: 5.018 Executing safepoint VM operation: Cleanup

Memory protections (0 events):
No events

Nmethod flushes (0 events):
No events

Events (20 events):
Event: 0.094 Thread 0x00000240e0b7b410 Thread added: 0x00000240f762e1e0
Event: 0.095 Thread 0x00000240e0b7b410 Thread added: 0x00000240f8c056d0
Event: 0.095 Thread 0x00000240e0b7b410 Thread added: 0x00000240f8c0a860
Event: 0.095 Thread 0x00000240e0b7b410 Thread added: 0x00000240f8c0b4c0
Event: 0.096 Thread 0x00000240e0b7b410 Thread added: 0x00000240f8c0e4e0
Event: 0.096 Thread 0x00000240e0b7b410 Thread added: 0x00000240f8c12390
Event: 0.096 Thread 0x00000240e0b7b410 Thread added: 0x00000240f8c24ea0
Event: 0.096 Thread 0x00000240e0b7b410 Thread added: 0x00000240f8c27d10
Event: 0.186 Thread 0x00000240f8c27d10 Thread added: 0x00000240f8d25a40
Event: 0.186 Thread 0x00000240f8c27d10 Thread added: 0x00000240f8d260f0
Event: 0.203 Thread 0x00000240f8c27d10 Thread added: 0x00000240f8d6d1c0
Event: 0.237 Thread 0x00000240e0b7b410 Thread added: 0x00000240f8ef34a0
Event: 0.344 Thread 0x00000240f8d25a40 Thread added: 0x00000240f8f38b60
Event: 1.579 Thread 0x00000240f8f38b60 Thread exited: 0x00000240f8f38b60
Event: 1.579 Thread 0x00000240f8d6d1c0 Thread exited: 0x00000240f8d6d1c0
Event: 1.579 Thread 0x00000240f8d260f0 Thread exited: 0x00000240f8d260f0
Event: 1.583 Thread 0x00000240f8d25a40 Thread exited: 0x00000240f8d25a40
Event: 1.747 Thread 0x00000240e0b7b410 Thread added: 0x00000240f8f7b050
Event: 1.837 Thread 0x00000240f8c27d10 Thread added: 0x00000240fa3938e0
Event: 1.852 Thread 0x00000240f8c24ea0 Thread added: 0x00000240fa38f510


Dynamic libraries:
0x00007ff675290000 - 0x00007ff67529e000 	c:\Users\Usuario\.vscode\extensions\redhat.java-1.55.0-win32-x64\jre\21.0.11-win32-x86_64\bin\java.exe
0x00007ff82d480000 - 0x00007ff82d6e8000 	C:\WINDOWS\SYSTEM32\ntdll.dll
0x00007ff82c290000 - 0x00007ff82c359000 	C:\WINDOWS\System32\KERNEL32.DLL
0x00007ff82a6c0000 - 0x00007ff82aab2000 	C:\WINDOWS\System32\KERNELBASE.dll
0x00007ff82acc0000 - 0x00007ff82ae0b000 	C:\WINDOWS\System32\ucrtbase.dll
0x00007ffffa400000 - 0x00007ffffa41e000 	c:\Users\Usuario\.vscode\extensions\redhat.java-1.55.0-win32-x64\jre\21.0.11-win32-x86_64\bin\VCRUNTIME140.dll
0x00007ffff9390000 - 0x00007ffff93a8000 	c:\Users\Usuario\.vscode\extensions\redhat.java-1.55.0-win32-x64\jre\21.0.11-win32-x86_64\bin\jli.dll
0x00007ff82bfc0000 - 0x00007ff82c185000 	C:\WINDOWS\System32\USER32.dll
0x00007ff8146d0000 - 0x00007ff814963000 	C:\WINDOWS\WinSxS\amd64_microsoft.windows.common-controls_6595b64144ccf1df_6.0.26100.6899_none_3e0efeeae32e88c1\COMCTL32.dll
0x00007ff82ae10000 - 0x00007ff82ae37000 	C:\WINDOWS\System32\win32u.dll
0x00007ff82b8d0000 - 0x00007ff82b979000 	C:\WINDOWS\System32\msvcrt.dll
0x00007ff82b260000 - 0x00007ff82b28b000 	C:\WINDOWS\System32\GDI32.dll
0x00007ff82af00000 - 0x00007ff82b02d000 	C:\WINDOWS\System32\gdi32full.dll
0x00007ff82a610000 - 0x00007ff82a6b3000 	C:\WINDOWS\System32\msvcp_win.dll
0x00007ff82bbc0000 - 0x00007ff82bbef000 	C:\WINDOWS\System32\IMM32.DLL
0x00007ff80b420000 - 0x00007ff80b42c000 	c:\Users\Usuario\.vscode\extensions\redhat.java-1.55.0-win32-x64\jre\21.0.11-win32-x86_64\bin\vcruntime140_1.dll
0x00007fffb55c0000 - 0x00007fffb564d000 	c:\Users\Usuario\.vscode\extensions\redhat.java-1.55.0-win32-x64\jre\21.0.11-win32-x86_64\bin\msvcp140.dll
0x00007fff555f0000 - 0x00007fff56392000 	c:\Users\Usuario\.vscode\extensions\redhat.java-1.55.0-win32-x64\jre\21.0.11-win32-x86_64\bin\server\jvm.dll
0x00007ff82b380000 - 0x00007ff82b434000 	C:\WINDOWS\System32\ADVAPI32.dll
0x00007ff82cc10000 - 0x00007ff82ccb6000 	C:\WINDOWS\System32\sechost.dll
0x00007ff82b440000 - 0x00007ff82b558000 	C:\WINDOWS\System32\RPCRT4.dll
0x00007ff82b300000 - 0x00007ff82b374000 	C:\WINDOWS\System32\WS2_32.dll
0x00007ff823c20000 - 0x00007ff823c55000 	C:\WINDOWS\SYSTEM32\WINMM.dll
0x00007ff823c60000 - 0x00007ff823c6b000 	C:\WINDOWS\SYSTEM32\VERSION.dll
0x00007ff82a470000 - 0x00007ff82a4ce000 	C:\WINDOWS\SYSTEM32\POWRPROF.dll
0x00007ff82a450000 - 0x00007ff82a464000 	C:\WINDOWS\SYSTEM32\UMPDC.dll
0x00007ff8293e0000 - 0x00007ff8293fb000 	C:\WINDOWS\SYSTEM32\kernel.appcore.dll
0x00007ff808040000 - 0x00007ff80804a000 	c:\Users\Usuario\.vscode\extensions\redhat.java-1.55.0-win32-x64\jre\21.0.11-win32-x86_64\bin\jimage.dll
0x00007ff827e30000 - 0x00007ff828072000 	C:\WINDOWS\SYSTEM32\DBGHELP.DLL
0x00007ff82bc40000 - 0x00007ff82bfbb000 	C:\WINDOWS\System32\combase.dll
0x00007ff82b980000 - 0x00007ff82ba57000 	C:\WINDOWS\System32\OLEAUT32.dll
0x00007ff810c20000 - 0x00007ff810c5c000 	C:\WINDOWS\SYSTEM32\dbgcore.DLL
0x00007ff82b030000 - 0x00007ff82b0c8000 	C:\WINDOWS\System32\bcryptPrimitives.dll
0x00007ff800000000 - 0x00007ff80000f000 	c:\Users\Usuario\.vscode\extensions\redhat.java-1.55.0-win32-x64\jre\21.0.11-win32-x86_64\bin\instrument.dll
0x00007ffff60d0000 - 0x00007ffff60f0000 	c:\Users\Usuario\.vscode\extensions\redhat.java-1.55.0-win32-x64\jre\21.0.11-win32-x86_64\bin\java.dll
0x00007ff82c370000 - 0x00007ff82cabd000 	C:\WINDOWS\System32\SHELL32.dll
0x00007ff82aac0000 - 0x00007ff82ac2b000 	C:\WINDOWS\System32\wintypes.dll
0x00007ff828260000 - 0x00007ff828abd000 	C:\WINDOWS\SYSTEM32\windows.storage.dll
0x00007ff82c190000 - 0x00007ff82c282000 	C:\WINDOWS\System32\SHCORE.dll
0x00007ff82b290000 - 0x00007ff82b2f2000 	C:\WINDOWS\System32\shlwapi.dll
0x00007ff82a530000 - 0x00007ff82a559000 	C:\WINDOWS\SYSTEM32\profapi.dll
0x00007ff803310000 - 0x00007ff803328000 	c:\Users\Usuario\.vscode\extensions\redhat.java-1.55.0-win32-x64\jre\21.0.11-win32-x86_64\bin\zip.dll
0x00007ffffbf40000 - 0x00007ffffbf50000 	C:\Users\Usuario\.vscode\extensions\redhat.java-1.55.0-win32-x64\jre\21.0.11-win32-x86_64\bin\net.dll
0x00007ff8211b0000 - 0x00007ff8212cf000 	C:\WINDOWS\SYSTEM32\WINHTTP.dll
0x00007ff829950000 - 0x00007ff8299bb000 	C:\WINDOWS\system32\mswsock.dll
0x00007fffeb4a0000 - 0x00007fffeb4b6000 	C:\Users\Usuario\.vscode\extensions\redhat.java-1.55.0-win32-x64\jre\21.0.11-win32-x86_64\bin\nio.dll
0x00007ffffa500000 - 0x00007ffffa510000 	c:\Users\Usuario\.vscode\extensions\redhat.java-1.55.0-win32-x64\jre\21.0.11-win32-x86_64\bin\verify.dll

JVMTI agents:
c:\Users\Usuario\.vscode\extensions\redhat.java-1.55.0-win32-x64\lombok\lombok-1.18.39-4050.jar path:c:\Users\Usuario\.vscode\extensions\redhat.java-1.55.0-win32-x64\jre\21.0.11-win32-x86_64\bin\instrument.dll, loaded, initialized, instrumentlib options:none

dbghelp: loaded successfully - version: 4.0.5 - missing functions: none
symbol engine: initialized successfully - sym options: 0x614 - pdb path: .;c:\Users\Usuario\.vscode\extensions\redhat.java-1.55.0-win32-x64\jre\21.0.11-win32-x86_64\bin;C:\WINDOWS\SYSTEM32;C:\WINDOWS\WinSxS\amd64_microsoft.windows.common-controls_6595b64144ccf1df_6.0.26100.6899_none_3e0efeeae32e88c1;c:\Users\Usuario\.vscode\extensions\redhat.java-1.55.0-win32-x64\jre\21.0.11-win32-x86_64\bin\server

VM Arguments:
jvm_args: --add-modules=ALL-SYSTEM --add-opens=java.base/java.util=ALL-UNNAMED --add-opens=java.base/java.lang=ALL-UNNAMED --add-opens=java.base/sun.nio.fs=ALL-UNNAMED -Declipse.application=org.eclipse.jdt.ls.core.id1 -Dosgi.bundles.defaultStartLevel=4 -Declipse.product=org.eclipse.jdt.ls.core.product -Djava.import.generatesMetadataFilesAtProjectRoot=false -DDetectVMInstallationsJob.disabled=true -Dfile.encoding=utf8 -XX:+UseParallelGC -XX:GCTimeRatio=4 -XX:AdaptiveSizePolicyWeight=90 -Dsun.zip.disableMemoryMapping=true -Xmx2G -Xms100m -Xlog:disable -javaagent:c:\Users\Usuario\.vscode\extensions\redhat.java-1.55.0-win32-x64\lombok\lombok-1.18.39-4050.jar -XX:+HeapDumpOnOutOfMemoryError -XX:HeapDumpPath=c:\Users\Usuario\AppData\Roaming\Code\User\workspaceStorage\ff323b52508a9ab547f9466bd36f4b43\redhat.java -Daether.dependencyCollector.impl=bf 
java_command: c:\Users\Usuario\.vscode\extensions\redhat.java-1.55.0-win32-x64\server\plugins\org.eclipse.equinox.launcher_1.7.200.v20260619-2039.jar -configuration c:\Users\Usuario\AppData\Roaming\Code\User\globalStorage\redhat.java\1.55.0\config_win -data c:\Users\Usuario\AppData\Roaming\Code\User\workspaceStorage\ff323b52508a9ab547f9466bd36f4b43\redhat.java\jdt_ws --pipe=\\.\pipe\lsp-f3319c214faa0495f0619131336e8b35-sock
java_class_path (initial): c:\Users\Usuario\.vscode\extensions\redhat.java-1.55.0-win32-x64\server\plugins\org.eclipse.equinox.launcher_1.7.200.v20260619-2039.jar
Launcher Type: SUN_STANDARD

[Global flags]
    uintx AdaptiveSizePolicyWeight                 = 90                                        {product} {command line}
     intx CICompilerCount                          = 12                                        {product} {ergonomic}
    uintx GCTimeRatio                              = 4                                         {product} {command line}
     bool HeapDumpOnOutOfMemoryError               = true                                   {manageable} {command line}
    ccstr HeapDumpPath                             = c:\Users\Usuario\AppData\Roaming\Code\User\workspaceStorage\ff323b52508a9ab547f9466bd36f4b43\redhat.java         {manageable} {command line}
   size_t InitialHeapSize                          = 104857600                                 {product} {command line}
   size_t MaxHeapSize                              = 2147483648                                {product} {command line}
   size_t MaxNewSize                               = 715653120                                 {product} {ergonomic}
   size_t MinHeapDeltaBytes                        = 524288                                    {product} {ergonomic}
   size_t MinHeapSize                              = 104857600                                 {product} {command line}
   size_t NewSize                                  = 34603008                                  {product} {ergonomic}
    uintx NonNMethodCodeHeapSize                   = 7602480                                {pd product} {ergonomic}
    uintx NonProfiledCodeHeapSize                  = 122027880                              {pd product} {ergonomic}
   size_t OldSize                                  = 70254592                                  {product} {ergonomic}
    uintx ProfiledCodeHeapSize                     = 122027880                              {pd product} {ergonomic}
    uintx ReservedCodeCacheSize                    = 251658240                              {pd product} {ergonomic}
     bool SegmentedCodeCache                       = true                                      {product} {ergonomic}
   size_t SoftMaxHeapSize                          = 2147483648                             {manageable} {ergonomic}
     bool UseCompressedOops                        = true                           {product lp64_product} {ergonomic}
     bool UseLargePagesIndividualAllocation        = false                                  {pd product} {ergonomic}
     bool UseParallelGC                            = true                                      {product} {command line}

Logging:
Log output configuration:
 #0: stdout all=off uptime,level,tags foldmultilines=false
 #1: stderr all=off uptime,level,tags foldmultilines=false

Release file:
JAVA_VERSION="21.0.11" 
MODULES="java.base java.compiler java.datatransfer java.xml java.prefs java.desktop java.instrument java.logging java.management java.security.sasl java.naming java.rmi java.management.rmi java.net.http java.scripting java.security.jgss java.transaction.xa java.sql java.sql.rowset java.xml.crypto java.se java.smartcardio jdk.accessibility jdk.internal.jvmstat jdk.attach jdk.charsets jdk.internal.opt jdk.zipfs jdk.compiler jdk.crypto.ec jdk.crypto.cryptoki jdk.crypto.mscapi jdk.dynalink jdk.internal.ed jdk.editpad jdk.hotspot.agent jdk.httpserver jdk.internal.le jdk.internal.vm.ci jdk.internal.vm.compiler jdk.internal.vm.compiler.management jdk.jartool jdk.javadoc jdk.jcmd jdk.management jdk.management.agent jdk.jconsole jdk.jdeps jdk.jdwp.agent jdk.jdi jdk.jfr jdk.jshell jdk.jsobject jdk.jstatd jdk.localedata jdk.management.jfr jdk.naming.dns jdk.naming.rmi jdk.net jdk.nio.mapmode jdk.random jdk.sctp jdk.security.auth jdk.security.jgss jdk.unsupported jdk.unsupported.desktop jdk.xml.dom" 

Environment Variables:
PATH=C:\Program Files\Common Files\Oracle\Java\javapath;C:\Program Files (x86)\Common Files\Oracle\Java\java8path;C:\Program Files (x86)\Common Files\Oracle\Java\javapath;C:\Program Files\Eclipse Adoptium\jdk-21.0.7.6-hotspot\bin;C:\WINDOWS\system32;C:\WINDOWS;C:\WINDOWS\System32\Wbem;C:\WINDOWS\System32\WindowsPowerShell\v1.0\;C:\WINDOWS\System32\OpenSSH\;C:\Program Files\dotnet\;C:\Program Files (x86)\Microsoft SQL Server\160\Tools\Binn\;C:\Program Files\Microsoft SQL Server\160\Tools\Binn\;C:\Program Files\Microsoft SQL Server\Client SDK\ODBC\170\Tools\Binn\;C:\Program Files\Microsoft SQL Server\160\DTS\Binn\;C:\Program Files (x86)\Microsoft SQL Server\160\DTS\Binn\;%JAVA_HOME%\bin;C:\Program Files\Git\cmd;C:\Program Files (x86)\Maven\apache-maven-3.9.11\bin;C:\Program Files\Java\jdk-17\bin;C:\Program Files\nodejs\;C:\Users\Usuario\AppData\Local\Programs\Python\Python313\Scripts\;C:\Users\Usuario\AppData\Local\Programs\Python\Python313\;C:\Users\Usuario\AppData\Local\Microsoft\WindowsApps;C:\Users\Usuario\AppData\Local\Programs\Microsoft VS Code\bin;C:\Users\Usuario\AppData\Roaming\npm
USERNAME=Usuario
OS=Windows_NT
PROCESSOR_IDENTIFIER=AMD64 Family 23 Model 104 Stepping 1, AuthenticAMD
TMP=C:\Users\Usuario\AppData\Local\Temp
TEMP=C:\Users\Usuario\AppData\Local\Temp




Periodic native trim disabled

---------------  S Y S T E M  ---------------

OS:
 Windows 11 , 64 bit Build 26100 (10.0.26100.6725)
OS uptime: 1 days 0:49 hours
Hyper-V role detected

CPU: total 16 (initial active 16) (16 cores per cpu, 2 threads per core) family 23 model 104 stepping 1 microcode 0x8608109, cx8, cmov, fxsr, ht, mmx, 3dnowpref, sse, sse2, sse3, ssse3, sse4a, sse4.1, sse4.2, popcnt, lzcnt, tsc, tscinvbit, avx, avx2, aes, clmul, bmi1, bmi2, adx, sha, fma, vzeroupper, clflush, clflushopt, hv, rdtscp, rdpid, f16c
Processor Information for the first 16 processors :
  Max Mhz: 1801, Current Mhz: 1801, Mhz Limit: 1801

Memory: 4k page, system-wide physical 7501M (764M free)
TotalPageFile size 30029M (AvailPageFile size 77M)
current process WorkingSet (physical memory assigned to process): 80M, peak: 82M
current process commit charge ("private bytes"): 251M, peak: 253M

vm_info: OpenJDK 64-Bit Server VM (21.0.11+10-LTS) for windows-amd64 JRE (21.0.11+10-LTS), built on 2026-04-21T00:00:00Z by "admin" with MS VC++ 17.12 (VS2022)

END.
